2023-07-06T20:21:20.762+09:00  INFO [gateway-server,,] 645780 --- [main] o.m.g.GatewayServerApplication           : The following 1 profile is active: "local"
2023-07-06T20:21:22.383+09:00  INFO [gateway-server,,] 645780 --- [main] .s.d.r.c.RepositoryConfigurationDelegate : Bootstrapping Spring Data JPA repositories in DEFAULT mode.
2023-07-06T20:21:22.673+09:00  INFO [gateway-server,,] 645780 --- [main] .s.d.r.c.RepositoryConfigurationDelegate : Finished Spring Data repository scanning in 233 ms. Found 1 JPA repository interfaces.
2023-07-06T20:21:23.002+09:00  INFO [gateway-server,,] 645780 --- [main] o.s.cloud.context.scope.GenericScope     : BeanFactory id=669973d7-9beb-3c6e-a5de-4c4145819114
2023-07-06T20:21:23.244+09:00  INFO [gateway-server,,] 645780 --- [main] trationDelegate$BeanPostProcessorChecker : Bean 'org.springframework.cloud.client.loadbalancer.reactive.LoadBalancerBeanPostProcessorAutoConfiguration' of type [org.springframework.cloud.client.loadbalancer.reactive.LoadBalancerBeanPostProcessorAutoConfiguration] is not eligible for getting processed by all BeanPostProcessors (for example: not eligible for auto-proxying)
2023-07-06T20:21:23.253+09:00  INFO [gateway-server,,] 645780 --- [main] trationDelegate$BeanPostProcessorChecker : Bean 'org.springframework.cloud.client.loadbalancer.reactive.LoadBalancerBeanPostProcessorAutoConfiguration$ReactorDeferringLoadBalancerFilterConfig' of type [org.springframework.cloud.client.loadbalancer.reactive.LoadBalancerBeanPostProcessorAutoConfiguration$ReactorDeferringLoadBalancerFilterConfig] is not eligible for getting processed by all BeanPostProcessors (for example: not eligible for auto-proxying)
2023-07-06T20:21:23.255+09:00  INFO [gateway-server,,] 645780 --- [main] trationDelegate$BeanPostProcessorChecker : Bean 'reactorDeferringLoadBalancerExchangeFilterFunction' of type [org.springframework.cloud.client.loadbalancer.reactive.DeferringLoadBalancerExchangeFilterFunction] is not eligible for getting processed by all BeanPostProcessors (for example: not eligible for auto-proxying)
2023-07-06T20:21:23.907+09:00  INFO [gateway-server,,] 645780 --- [main] o.hibernate.jpa.internal.util.LogHelper  : HHH000204: Processing PersistenceUnitInfo [name: default]
2023-07-06T20:21:24.067+09:00  INFO [gateway-server,,] 645780 --- [main] org.hibernate.Version                    : HHH000412: Hibernate ORM core version 6.1.7.Final
2023-07-06T20:21:24.765+09:00  INFO [gateway-server,,] 645780 --- [main] com.zaxxer.hikari.HikariDataSource       : HikariPool-1 - Starting...
2023-07-06T20:21:24.911+09:00  INFO [gateway-server,,] 645780 --- [main] com.zaxxer.hikari.pool.HikariPool        : HikariPool-1 - Added connection org.mariadb.jdbc.Connection@7d4da729
2023-07-06T20:21:24.913+09:00  INFO [gateway-server,,] 645780 --- [main] com.zaxxer.hikari.HikariDataSource       : HikariPool-1 - Start completed.
2023-07-06T20:21:24.960+09:00  INFO [gateway-server,,] 645780 --- [main] SQL dialect                              : HHH000400: Using dialect: org.hibernate.dialect.MariaDB103Dialect
2023-07-06T20:21:24.962+09:00  WARN [gateway-server,,] 645780 --- [main] org.hibernate.orm.deprecation            : HHH90000026: MariaDB103Dialect has been deprecated; use org.hibernate.dialect.MariaDBDialect instead
2023-07-06T20:21:27.805+09:00  INFO [gateway-server,,] 645780 --- [main] o.h.e.t.j.p.i.JtaPlatformInitiator       : HHH000490: Using JtaPlatform implementation: [org.hibernate.engine.transaction.jta.platform.internal.NoJtaPlatform]
2023-07-06T20:21:27.928+09:00  INFO [gateway-server,,] 645780 --- [main] j.LocalContainerEntityManagerFactoryBean : Initialized JPA EntityManagerFactory for persistence unit 'default'
2023-07-06T20:21:29.424+09:00  WARN [gateway-server,,] 645780 --- [main] ocalVariableTableParameterNameDiscoverer : Using deprecated '-debug' fallback for parameter name resolution. Compile the affected code with '-parameters' instead or avoid its introspection: org.msa.gatewayserver.repository.AccountRepository
2023-07-06T20:21:30.473+09:00  INFO [gateway-server,,] 645780 --- [main] .g.c.LocalResponseCacheAutoConfiguration : Initializing Caffeine
2023-07-06T20:21:30.530+09:00  INFO [gateway-server,,] 645780 --- [main] o.s.c.g.r.RouteDefinitionRouteLocator    : Loaded RoutePredicateFactory [After]
2023-07-06T20:21:30.531+09:00  INFO [gateway-server,,] 645780 --- [main] o.s.c.g.r.RouteDefinitionRouteLocator    : Loaded RoutePredicateFactory [Before]
2023-07-06T20:21:30.531+09:00  INFO [gateway-server,,] 645780 --- [main] o.s.c.g.r.RouteDefinitionRouteLocator    : Loaded RoutePredicateFactory [Between]
2023-07-06T20:21:30.531+09:00  INFO [gateway-server,,] 645780 --- [main] o.s.c.g.r.RouteDefinitionRouteLocator    : Loaded RoutePredicateFactory [Cookie]
2023-07-06T20:21:30.531+09:00  INFO [gateway-server,,] 645780 --- [main] o.s.c.g.r.RouteDefinitionRouteLocator    : Loaded RoutePredicateFactory [Header]
2023-07-06T20:21:30.531+09:00  INFO [gateway-server,,] 645780 --- [main] o.s.c.g.r.RouteDefinitionRouteLocator    : Loaded RoutePredicateFactory [Host]
2023-07-06T20:21:30.531+09:00  INFO [gateway-server,,] 645780 --- [main] o.s.c.g.r.RouteDefinitionRouteLocator    : Loaded RoutePredicateFactory [Method]
2023-07-06T20:21:30.532+09:00  INFO [gateway-server,,] 645780 --- [main] o.s.c.g.r.RouteDefinitionRouteLocator    : Loaded RoutePredicateFactory [Path]
2023-07-06T20:21:30.532+09:00  INFO [gateway-server,,] 645780 --- [main] o.s.c.g.r.RouteDefinitionRouteLocator    : Loaded RoutePredicateFactory [Query]
2023-07-06T20:21:30.532+09:00  INFO [gateway-server,,] 645780 --- [main] o.s.c.g.r.RouteDefinitionRouteLocator    : Loaded RoutePredicateFactory [ReadBody]
2023-07-06T20:21:30.532+09:00  INFO [gateway-server,,] 645780 --- [main] o.s.c.g.r.RouteDefinitionRouteLocator    : Loaded RoutePredicateFactory [RemoteAddr]
2023-07-06T20:21:30.532+09:00  INFO [gateway-server,,] 645780 --- [main] o.s.c.g.r.RouteDefinitionRouteLocator    : Loaded RoutePredicateFactory [XForwardedRemoteAddr]
2023-07-06T20:21:30.532+09:00  INFO [gateway-server,,] 645780 --- [main] o.s.c.g.r.RouteDefinitionRouteLocator    : Loaded RoutePredicateFactory [Weight]
2023-07-06T20:21:30.532+09:00  INFO [gateway-server,,] 645780 --- [main] o.s.c.g.r.RouteDefinitionRouteLocator    : Loaded RoutePredicateFactory [CloudFoundryRouteService]
2023-07-06T20:21:31.326+09:00  INFO [gateway-server,,] 645780 --- [main] o.s.b.a.e.web.EndpointLinksResolver      : Exposing 3 endpoint(s) beneath base path '/actuator'
2023-07-06T20:21:31.958+09:00  INFO [gateway-server,,] 645780 --- [main] DiscoveryClientOptionalArgsConfiguration : Eureka HTTP Client uses RestTemplate.
2023-07-06T20:21:32.095+09:00  INFO [gateway-server,,] 645780 --- [main] o.s.c.n.eureka.InstanceInfoFactory       : Setting initial instance status as: STARTING
2023-07-06T20:21:32.136+09:00  INFO [gateway-server,,] 645780 --- [main] com.netflix.discovery.DiscoveryClient    : Initializing Eureka in region us-east-1
2023-07-06T20:21:32.143+09:00  INFO [gateway-server,,] 645780 --- [main] c.n.d.s.r.aws.ConfigClusterResolver      : Resolving eureka endpoints via configuration
2023-07-06T20:21:32.171+09:00  INFO [gateway-server,,] 645780 --- [main] com.netflix.discovery.DiscoveryClient    : Disable delta property : false
2023-07-06T20:21:32.171+09:00  INFO [gateway-server,,] 645780 --- [main] com.netflix.discovery.DiscoveryClient    : Single vip registry refresh property : null
2023-07-06T20:21:32.171+09:00  INFO [gateway-server,,] 645780 --- [main] com.netflix.discovery.DiscoveryClient    : Force full registry fetch : false
2023-07-06T20:21:32.171+09:00  INFO [gateway-server,,] 645780 --- [main] com.netflix.discovery.DiscoveryClient    : Application is null : false
2023-07-06T20:21:32.171+09:00  INFO [gateway-server,,] 645780 --- [main] com.netflix.discovery.DiscoveryClient    : Registered Applications size is zero : true
2023-07-06T20:21:32.172+09:00  INFO [gateway-server,,] 645780 --- [main] com.netflix.discovery.DiscoveryClient    : Application version is -1: true
2023-07-06T20:21:32.172+09:00  INFO [gateway-server,,] 645780 --- [main] com.netflix.discovery.DiscoveryClient    : Getting all instance registry info from the eureka server
2023-07-06T20:21:32.510+09:00  INFO [gateway-server,,] 645780 --- [main] com.netflix.discovery.DiscoveryClient    : The response status is 200
2023-07-06T20:21:32.512+09:00  INFO [gateway-server,,] 645780 --- [main] com.netflix.discovery.DiscoveryClient    : Starting heartbeat executor: renew interval is: 30
2023-07-06T20:21:32.515+09:00  INFO [gateway-server,,] 645780 --- [main] c.n.discovery.InstanceInfoReplicator     : InstanceInfoReplicator onDemand update allowed rate per min is 4
2023-07-06T20:21:32.519+09:00  INFO [gateway-server,,] 645780 --- [main] com.netflix.discovery.DiscoveryClient    : Discovery Client initialized at timestamp 1688642492518 with initial instances count: 0
2023-07-06T20:21:32.522+09:00  INFO [gateway-server,,] 645780 --- [main] o.s.c.n.e.s.EurekaServiceRegistry        : Registering application GATEWAY-SERVER with eureka with status UP
2023-07-06T20:21:32.523+09:00  INFO [gateway-server,,] 645780 --- [main] com.netflix.discovery.DiscoveryClient    : Saw local status change event StatusChangeEvent [timestamp=1688642492523, current=UP, previous=STARTING]
2023-07-06T20:21:32.525+09:00  INFO [gateway-server,,] 645780 --- [DiscoveryClient-InstanceInfoReplicator-0] com.netflix.discovery.DiscoveryClient    : DiscoveryClient_GATEWAY-SERVER/DESKTOP-4VPH1H9:gateway-server:8070: registering service...
2023-07-06T20:21:32.567+09:00  INFO [gateway-server,,] 645780 --- [DiscoveryClient-InstanceInfoReplicator-0] com.netflix.discovery.DiscoveryClient    : DiscoveryClient_GATEWAY-SERVER/DESKTOP-4VPH1H9:gateway-server:8070 - registration status: 204
2023-07-06T20:21:32.829+09:00  INFO [gateway-server,,] 645780 --- [main] o.s.b.web.embedded.netty.NettyWebServer  : Netty started on port 8070
2023-07-06T20:21:32.830+09:00  INFO [gateway-server,,] 645780 --- [main] .s.c.n.e.s.EurekaAutoServiceRegistration : Updating port to 8070
2023-07-06T20:21:33.308+09:00  INFO [gateway-server,,] 645780 --- [main] o.m.g.GatewayServerApplication           : Started GatewayServerApplication in 14.486 seconds (process running for 15.551)
2023-07-06T20:22:02.528+09:00  INFO [gateway-server,,] 645780 --- [DiscoveryClient-CacheRefreshExecutor-0] com.netflix.discovery.DiscoveryClient    : Disable delta property : false
2023-07-06T20:22:02.529+09:00  INFO [gateway-server,,] 645780 --- [DiscoveryClient-CacheRefreshExecutor-0] com.netflix.discovery.DiscoveryClient    : Single vip registry refresh property : null
2023-07-06T20:22:02.530+09:00  INFO [gateway-server,,] 645780 --- [DiscoveryClient-CacheRefreshExecutor-0] com.netflix.discovery.DiscoveryClient    : Force full registry fetch : false
2023-07-06T20:22:02.530+09:00  INFO [gateway-server,,] 645780 --- [DiscoveryClient-CacheRefreshExecutor-0] com.netflix.discovery.DiscoveryClient    : Application is null : false
2023-07-06T20:22:02.530+09:00  INFO [gateway-server,,] 645780 --- [DiscoveryClient-CacheRefreshExecutor-0] com.netflix.discovery.DiscoveryClient    : Registered Applications size is zero : true
2023-07-06T20:22:02.531+09:00  INFO [gateway-server,,] 645780 --- [DiscoveryClient-CacheRefreshExecutor-0] com.netflix.discovery.DiscoveryClient    : Application version is -1: false
2023-07-06T20:22:02.531+09:00  INFO [gateway-server,,] 645780 --- [DiscoveryClient-CacheRefreshExecutor-0] com.netflix.discovery.DiscoveryClient    : Getting all instance registry info from the eureka server
2023-07-06T20:22:02.549+09:00  INFO [gateway-server,,] 645780 --- [DiscoveryClient-CacheRefreshExecutor-0] com.netflix.discovery.DiscoveryClient    : The response status is 200
2023-07-06T20:22:21.262+09:00  INFO [gateway-server,,] 645780 --- [reactor-http-nio-3] o.m.g.filter.TokenCheckFilter            : token = eyJ0eXAiOiJKV1QiLCJhbGciOiJIUzUxMiJ9.eyJzdWIiOiJhZG1pbiIsImV4cCI6MTY4ODY0MjU0MiwiaWF0IjoxNjg4NjQyNTMyfQ.EB2r9nvtrVYnZOmDQ3t1xR3eDGjemAR7T4aut4u0jTEsUQHMuYjMD5W-CuPjFIsg6JvrdwyWVDzniEGCl8pM5w
2023-07-06T20:22:21.479+09:00  INFO [gateway-server,,] 645780 --- [reactor-http-nio-3] o.m.g.filter.TokenCheckFilter            : user authentication check result = true
2023-07-06T20:22:21.745+09:00  INFO [gateway-server,,] 645780 --- [reactor-http-nio-3] o.m.gatewayserver.filter.LoggingFilter   : request.id: c47060b9-1, method: POST , url: http://localhost:8070/v1/item/add/C
2023-07-06T20:22:21.764+09:00  INFO [gateway-server,,] 645780 --- [boundedElastic-1] o.m.gatewayserver.filter.LoggingFilter   : request.id: c47060b9-1, request body :{
    "id" : "1",
    "name" : "item1",
    "description" : "item description1",
    "count" : 100
}
2023-07-06T20:22:22.541+09:00  INFO [gateway-server,,] 645780 --- [reactor-http-nio-3] o.m.gatewayserver.filter.LoggingFilter   : request.id: c47060b9-1, method: POST, url: http://localhost:8070/v1/item/add/C, 
response body :{"code":"200","message":"success"}
2023-07-06T20:22:23.602+09:00  WARN [gateway-server,,] 645780 --- [AsyncReporter{org.springframework.boot.actuate.autoconfigure.tracing.zipkin.ZipkinWebClientSender@7f59f4e4}] z.r.AsyncReporter$BoundedAsyncReporter   : Spans were dropped due to exceptions. All subsequent errors will be logged at FINE level.
2023-07-06T20:22:23.603+09:00  WARN [gateway-server,,] 645780 --- [AsyncReporter{org.springframework.boot.actuate.autoconfigure.tracing.zipkin.ZipkinWebClientSender@7f59f4e4}] z.r.AsyncReporter$BoundedAsyncReporter   : Dropped 2 spans due to WebClientRequestException(Connection refused: no further information: localhost/127.0.0.1:9411)

org.springframework.web.reactive.function.client.WebClientRequestException: Connection refused: no further information: localhost/127.0.0.1:9411
	at org.springframework.web.reactive.function.client.ExchangeFunctions$DefaultExchangeFunction.lambda$wrapException$9(ExchangeFunctions.java:136) ~[spring-webflux-6.0.6.jar:6.0.6]
	Suppressed: reactor.core.publisher.FluxOnAssembly$OnAssemblyException: 
Error has been observed at the following site(s):
	*__checkpoint ⇢ Request to POST http://localhost:9411/api/v2/spans [DefaultWebClient]
Original Stack Trace:
		at org.springframework.web.reactive.function.client.ExchangeFunctions$DefaultExchangeFunction.lambda$wrapException$9(ExchangeFunctions.java:136) ~[spring-webflux-6.0.6.jar:6.0.6]
		at reactor.core.publisher.MonoErrorSupplied.subscribe(MonoErrorSupplied.java:55) ~[reactor-core-3.5.3.jar:3.5.3]
		at reactor.core.publisher.Mono.subscribe(Mono.java:4485) ~[reactor-core-3.5.3.jar:3.5.3]
		at reactor.core.publisher.FluxOnErrorResume$ResumeSubscriber.onError(FluxOnErrorResume.java:103) ~[reactor-core-3.5.3.jar:3.5.3]
		at reactor.core.publisher.FluxPeek$PeekSubscriber.onError(FluxPeek.java:222) ~[reactor-core-3.5.3.jar:3.5.3]
		at reactor.core.publisher.FluxPeek$PeekSubscriber.onError(FluxPeek.java:222) ~[reactor-core-3.5.3.jar:3.5.3]
		at reactor.core.publisher.FluxPeek$PeekSubscriber.onError(FluxPeek.java:222) ~[reactor-core-3.5.3.jar:3.5.3]
		at reactor.core.publisher.MonoNext$NextSubscriber.onError(MonoNext.java:93) ~[reactor-core-3.5.3.jar:3.5.3]
		at reactor.core.publisher.MonoFlatMapMany$FlatMapManyMain.onError(MonoFlatMapMany.java:204) ~[reactor-core-3.5.3.jar:3.5.3]
		at reactor.core.publisher.SerializedSubscriber.onError(SerializedSubscriber.java:124) ~[reactor-core-3.5.3.jar:3.5.3]
		at reactor.core.publisher.FluxRetryWhen$RetryWhenMainSubscriber.whenError(FluxRetryWhen.java:225) ~[reactor-core-3.5.3.jar:3.5.3]
		at reactor.core.publisher.FluxRetryWhen$RetryWhenOtherSubscriber.onError(FluxRetryWhen.java:274) ~[reactor-core-3.5.3.jar:3.5.3]
		at reactor.core.publisher.FluxContextWrite$ContextWriteSubscriber.onError(FluxContextWrite.java:121) ~[reactor-core-3.5.3.jar:3.5.3]
		at reactor.core.publisher.FluxConcatMapNoPrefetch$FluxConcatMapNoPrefetchSubscriber.maybeOnError(FluxConcatMapNoPrefetch.java:326) ~[reactor-core-3.5.3.jar:3.5.3]
		at reactor.core.publisher.FluxConcatMapNoPrefetch$FluxConcatMapNoPrefetchSubscriber.onNext(FluxConcatMapNoPrefetch.java:211) ~[reactor-core-3.5.3.jar:3.5.3]
		at reactor.core.publisher.FluxContextWrite$ContextWriteSubscriber.onNext(FluxContextWrite.java:107) ~[reactor-core-3.5.3.jar:3.5.3]
		at reactor.core.publisher.SinkManyEmitterProcessor.drain(SinkManyEmitterProcessor.java:471) ~[reactor-core-3.5.3.jar:3.5.3]
		at reactor.core.publisher.SinkManyEmitterProcessor$EmitterInner.drainParent(SinkManyEmitterProcessor.java:615) ~[reactor-core-3.5.3.jar:3.5.3]
		at reactor.core.publisher.FluxPublish$PubSubInner.request(FluxPublish.java:602) ~[reactor-core-3.5.3.jar:3.5.3]
		at reactor.core.publisher.FluxContextWrite$ContextWriteSubscriber.request(FluxContextWrite.java:136) ~[reactor-core-3.5.3.jar:3.5.3]
		at reactor.core.publisher.FluxConcatMapNoPrefetch$FluxConcatMapNoPrefetchSubscriber.request(FluxConcatMapNoPrefetch.java:336) ~[reactor-core-3.5.3.jar:3.5.3]
		at reactor.core.publisher.FluxContextWrite$ContextWriteSubscriber.request(FluxContextWrite.java:136) ~[reactor-core-3.5.3.jar:3.5.3]
		at reactor.core.publisher.Operators$DeferredSubscription.request(Operators.java:1717) ~[reactor-core-3.5.3.jar:3.5.3]
		at reactor.core.publisher.FluxRetryWhen$RetryWhenMainSubscriber.onError(FluxRetryWhen.java:192) ~[reactor-core-3.5.3.jar:3.5.3]
		at reactor.core.publisher.MonoCreate$DefaultMonoSink.error(MonoCreate.java:201) ~[reactor-core-3.5.3.jar:3.5.3]
		at reactor.netty.http.client.HttpClientConnect$MonoHttpConnect$ClientTransportSubscriber.onError(HttpClientConnect.java:311) ~[reactor-netty-http-1.1.4.jar:1.1.4]
		at reactor.core.publisher.MonoCreate$DefaultMonoSink.error(MonoCreate.java:201) ~[reactor-core-3.5.3.jar:3.5.3]
		at reactor.netty.resources.DefaultPooledConnectionProvider$DisposableAcquire.onError(DefaultPooledConnectionProvider.java:162) ~[reactor-netty-core-1.1.4.jar:1.1.4]
		at reactor.netty.internal.shaded.reactor.pool.AbstractPool$Borrower.fail(AbstractPool.java:475) ~[reactor-netty-core-1.1.4.jar:1.1.4]
		at reactor.netty.internal.shaded.reactor.pool.SimpleDequePool.lambda$drainLoop$9(SimpleDequePool.java:429) ~[reactor-netty-core-1.1.4.jar:1.1.4]
		at reactor.core.publisher.FluxDoOnEach$DoOnEachSubscriber.onError(FluxDoOnEach.java:186) ~[reactor-core-3.5.3.jar:3.5.3]
		at reactor.core.publisher.MonoCreate$DefaultMonoSink.error(MonoCreate.java:201) ~[reactor-core-3.5.3.jar:3.5.3]
		at reactor.netty.resources.DefaultPooledConnectionProvider$PooledConnectionAllocator$PooledConnectionInitializer.onError(DefaultPooledConnectionProvider.java:560) ~[reactor-netty-core-1.1.4.jar:1.1.4]
		at reactor.core.publisher.MonoFlatMap$FlatMapMain.secondError(MonoFlatMap.java:241) ~[reactor-core-3.5.3.jar:3.5.3]
		at reactor.core.publisher.MonoFlatMap$FlatMapInner.onError(MonoFlatMap.java:315) ~[reactor-core-3.5.3.jar:3.5.3]
		at reactor.core.publisher.FluxOnErrorResume$ResumeSubscriber.onError(FluxOnErrorResume.java:106) ~[reactor-core-3.5.3.jar:3.5.3]
		at reactor.core.publisher.Operators.error(Operators.java:198) ~[reactor-core-3.5.3.jar:3.5.3]
		at reactor.core.publisher.MonoError.subscribe(MonoError.java:53) ~[reactor-core-3.5.3.jar:3.5.3]
		at reactor.core.publisher.Mono.subscribe(Mono.java:4485) ~[reactor-core-3.5.3.jar:3.5.3]
		at reactor.core.publisher.FluxOnErrorResume$ResumeSubscriber.onError(FluxOnErrorResume.java:103) ~[reactor-core-3.5.3.jar:3.5.3]
		at reactor.netty.transport.TransportConnector$MonoChannelPromise.tryFailure(TransportConnector.java:587) ~[reactor-netty-core-1.1.4.jar:1.1.4]
		at reactor.netty.transport.TransportConnector$MonoChannelPromise.setFailure(TransportConnector.java:541) ~[reactor-netty-core-1.1.4.jar:1.1.4]
		at reactor.netty.transport.TransportConnector.lambda$doConnect$7(TransportConnector.java:265) ~[reactor-netty-core-1.1.4.jar:1.1.4]
		at io.netty.util.concurrent.DefaultPromise.notifyListener0(DefaultPromise.java:590) ~[netty-common-4.1.89.Final.jar:4.1.89.Final]
		at io.netty.util.concurrent.DefaultPromise.notifyListeners0(DefaultPromise.java:583) ~[netty-common-4.1.89.Final.jar:4.1.89.Final]
		at io.netty.util.concurrent.DefaultPromise.notifyListenersNow(DefaultPromise.java:559) ~[netty-common-4.1.89.Final.jar:4.1.89.Final]
		at io.netty.util.concurrent.DefaultPromise.notifyListeners(DefaultPromise.java:492) ~[netty-common-4.1.89.Final.jar:4.1.89.Final]
		at io.netty.util.concurrent.DefaultPromise.setValue0(DefaultPromise.java:636) ~[netty-common-4.1.89.Final.jar:4.1.89.Final]
		at io.netty.util.concurrent.DefaultPromise.setFailure0(DefaultPromise.java:629) ~[netty-common-4.1.89.Final.jar:4.1.89.Final]
		at io.netty.util.concurrent.DefaultPromise.tryFailure(DefaultPromise.java:118) ~[netty-common-4.1.89.Final.jar:4.1.89.Final]
		at io.netty.channel.nio.AbstractNioChannel$AbstractNioUnsafe.fulfillConnectPromise(AbstractNioChannel.java:321) ~[netty-transport-4.1.89.Final.jar:4.1.89.Final]
		at io.netty.channel.nio.AbstractNioChannel$AbstractNioUnsafe.finishConnect(AbstractNioChannel.java:337) ~[netty-transport-4.1.89.Final.jar:4.1.89.Final]
		at io.netty.channel.nio.NioEventLoop.processSelectedKey(NioEventLoop.java:776) ~[netty-transport-4.1.89.Final.jar:4.1.89.Final]
		at io.netty.channel.nio.NioEventLoop.processSelectedKeysOptimized(NioEventLoop.java:724) ~[netty-transport-4.1.89.Final.jar:4.1.89.Final]
		at io.netty.channel.nio.NioEventLoop.processSelectedKeys(NioEventLoop.java:650) ~[netty-transport-4.1.89.Final.jar:4.1.89.Final]
		at io.netty.channel.nio.NioEventLoop.run(NioEventLoop.java:562) ~[netty-transport-4.1.89.Final.jar:4.1.89.Final]
		at io.netty.util.concurrent.SingleThreadEventExecutor$4.run(SingleThreadEventExecutor.java:997) ~[netty-common-4.1.89.Final.jar:4.1.89.Final]
		at io.netty.util.internal.ThreadExecutorMap$2.run(ThreadExecutorMap.java:74) ~[netty-common-4.1.89.Final.jar:4.1.89.Final]
		at io.netty.util.concurrent.FastThreadLocalRunnable.run(FastThreadLocalRunnable.java:30) ~[netty-common-4.1.89.Final.jar:4.1.89.Final]
		at java.base/java.lang.Thread.run(Thread.java:833) ~[na:na]
	Suppressed: java.lang.Exception: #block terminated with an error
		at reactor.core.publisher.BlockingSingleSubscriber.blockingGet(BlockingSingleSubscriber.java:99) ~[reactor-core-3.5.3.jar:3.5.3]
		at reactor.core.publisher.Mono.block(Mono.java:1710) ~[reactor-core-3.5.3.jar:3.5.3]
		at org.springframework.boot.actuate.autoconfigure.tracing.zipkin.ZipkinWebClientSender$WebClientHttpPostCall.doExecute(ZipkinWebClientSender.java:67) ~[spring-boot-actuator-autoconfigure-3.0.4.jar:3.0.4]
		at org.springframework.boot.actuate.autoconfigure.tracing.zipkin.ZipkinWebClientSender$WebClientHttpPostCall.doExecute(ZipkinWebClientSender.java:48) ~[spring-boot-actuator-autoconfigure-3.0.4.jar:3.0.4]
		at zipkin2.Call$Base.execute(Call.java:391) ~[zipkin-2.23.2.jar:na]
		at zipkin2.reporter.AsyncReporter$BoundedAsyncReporter.flush(AsyncReporter.java:299) ~[zipkin-reporter-2.16.3.jar:na]
		at zipkin2.reporter.AsyncReporter$Flusher.run(AsyncReporter.java:378) ~[zipkin-reporter-2.16.3.jar:na]
		at java.base/java.lang.Thread.run(Thread.java:833) ~[na:na]
Caused by: io.netty.channel.AbstractChannel$AnnotatedConnectException: Connection refused: no further information: localhost/127.0.0.1:9411
Caused by: java.net.ConnectException: Connection refused: no further information
	at java.base/sun.nio.ch.Net.pollConnect(Native Method) ~[na:na]
	at java.base/sun.nio.ch.Net.pollConnectNow(Net.java:672) ~[na:na]
	at java.base/sun.nio.ch.SocketChannelImpl.finishConnect(SocketChannelImpl.java:946) ~[na:na]
	at io.netty.channel.socket.nio.NioSocketChannel.doFinishConnect(NioSocketChannel.java:337) ~[netty-transport-4.1.89.Final.jar:4.1.89.Final]
	at io.netty.channel.nio.AbstractNioChannel$AbstractNioUnsafe.finishConnect(AbstractNioChannel.java:334) ~[netty-transport-4.1.89.Final.jar:4.1.89.Final]
	at io.netty.channel.nio.NioEventLoop.processSelectedKey(NioEventLoop.java:776) ~[netty-transport-4.1.89.Final.jar:4.1.89.Final]
	at io.netty.channel.nio.NioEventLoop.processSelectedKeysOptimized(NioEventLoop.java:724) ~[netty-transport-4.1.89.Final.jar:4.1.89.Final]
	at io.netty.channel.nio.NioEventLoop.processSelectedKeys(NioEventLoop.java:650) ~[netty-transport-4.1.89.Final.jar:4.1.89.Final]
	at io.netty.channel.nio.NioEventLoop.run(NioEventLoop.java:562) ~[netty-transport-4.1.89.Final.jar:4.1.89.Final]
	at io.netty.util.concurrent.SingleThreadEventExecutor$4.run(SingleThreadEventExecutor.java:997) ~[netty-common-4.1.89.Final.jar:4.1.89.Final]
	at io.netty.util.internal.ThreadExecutorMap$2.run(ThreadExecutorMap.java:74) ~[netty-common-4.1.89.Final.jar:4.1.89.Final]
	at io.netty.util.concurrent.FastThreadLocalRunnable.run(FastThreadLocalRunnable.java:30) ~[netty-common-4.1.89.Final.jar:4.1.89.Final]
	at java.base/java.lang.Thread.run(Thread.java:833) ~[na:na]

2023-07-06T20:23:06.054+09:00  INFO [gateway-server,,] 645780 --- [reactor-http-nio-3] o.m.g.filter.TokenCheckFilter            : token = eyJ0eXAiOiJKV1QiLCJhbGciOiJIUzUxMiJ9.eyJzdWIiOiJhZG1pbiIsImV4cCI6MTY4ODY0MjU0MiwiaWF0IjoxNjg4NjQyNTMyfQ.EB2r9nvtrVYnZOmDQ3t1xR3eDGjemAR7T4aut4u0jTEsUQHMuYjMD5W-CuPjFIsg6JvrdwyWVDzniEGCl8pM5w
2023-07-06T20:23:06.058+09:00  INFO [gateway-server,,] 645780 --- [reactor-http-nio-3] o.m.g.filter.TokenCheckFilter            : user authentication check result = true
2023-07-06T20:23:06.064+09:00  INFO [gateway-server,,] 645780 --- [reactor-http-nio-3] o.m.gatewayserver.filter.LoggingFilter   : request.id: c47060b9-2, method: POST , url: http://localhost:8070/v1/item/add/C
2023-07-06T20:23:06.067+09:00  INFO [gateway-server,,] 645780 --- [boundedElastic-1] o.m.gatewayserver.filter.LoggingFilter   : request.id: c47060b9-2, request body :{
    "id" : "1",
    "name" : "item1",
    "description" : "item description1",
    "count" : 100
}
2023-07-06T20:23:06.124+09:00  INFO [gateway-server,,] 645780 --- [reactor-http-nio-3] o.m.gatewayserver.filter.LoggingFilter   : request.id: c47060b9-2, method: POST, url: http://localhost:8070/v1/item/add/C, 
response body :{"code":"200","message":"success"}
2023-07-06T20:23:07.122+09:00  INFO [gateway-server,,] 645780 --- [reactor-http-nio-3] o.m.g.filter.TokenCheckFilter            : token = eyJ0eXAiOiJKV1QiLCJhbGciOiJIUzUxMiJ9.eyJzdWIiOiJhZG1pbiIsImV4cCI6MTY4ODY0MjU0MiwiaWF0IjoxNjg4NjQyNTMyfQ.EB2r9nvtrVYnZOmDQ3t1xR3eDGjemAR7T4aut4u0jTEsUQHMuYjMD5W-CuPjFIsg6JvrdwyWVDzniEGCl8pM5w
2023-07-06T20:23:07.128+09:00  INFO [gateway-server,,] 645780 --- [reactor-http-nio-3] o.m.g.filter.TokenCheckFilter            : user authentication check result = true
2023-07-06T20:23:07.136+09:00  INFO [gateway-server,,] 645780 --- [reactor-http-nio-3] o.m.gatewayserver.filter.LoggingFilter   : request.id: c47060b9-3, method: POST , url: http://localhost:8070/v1/item/add/C
2023-07-06T20:23:07.139+09:00  INFO [gateway-server,,] 645780 --- [boundedElastic-1] o.m.gatewayserver.filter.LoggingFilter   : request.id: c47060b9-3, request body :{
    "id" : "1",
    "name" : "item1",
    "description" : "item description1",
    "count" : 100
}
2023-07-06T20:23:07.190+09:00  INFO [gateway-server,,] 645780 --- [reactor-http-nio-3] o.m.gatewayserver.filter.LoggingFilter   : request.id: c47060b9-3, method: POST, url: http://localhost:8070/v1/item/add/C, 
response body :{"code":"200","message":"success"}
2023-07-06T20:23:08.065+09:00  INFO [gateway-server,,] 645780 --- [reactor-http-nio-3] o.m.g.filter.TokenCheckFilter            : token = eyJ0eXAiOiJKV1QiLCJhbGciOiJIUzUxMiJ9.eyJzdWIiOiJhZG1pbiIsImV4cCI6MTY4ODY0MjU0MiwiaWF0IjoxNjg4NjQyNTMyfQ.EB2r9nvtrVYnZOmDQ3t1xR3eDGjemAR7T4aut4u0jTEsUQHMuYjMD5W-CuPjFIsg6JvrdwyWVDzniEGCl8pM5w
2023-07-06T20:23:08.067+09:00  INFO [gateway-server,,] 645780 --- [reactor-http-nio-3] o.m.g.filter.TokenCheckFilter            : user authentication check result = true
2023-07-06T20:23:08.069+09:00  INFO [gateway-server,,] 645780 --- [reactor-http-nio-3] o.m.gatewayserver.filter.LoggingFilter   : request.id: c47060b9-4, method: POST , url: http://localhost:8070/v1/item/add/C
2023-07-06T20:23:08.070+09:00  INFO [gateway-server,,] 645780 --- [boundedElastic-1] o.m.gatewayserver.filter.LoggingFilter   : request.id: c47060b9-4, request body :{
    "id" : "1",
    "name" : "item1",
    "description" : "item description1",
    "count" : 100
}
2023-07-06T20:23:08.122+09:00  INFO [gateway-server,,] 645780 --- [reactor-http-nio-3] o.m.gatewayserver.filter.LoggingFilter   : request.id: c47060b9-4, method: POST, url: http://localhost:8070/v1/item/add/C, 
response body :{"code":"200","message":"success"}
2023-07-06T20:23:09.275+09:00  INFO [gateway-server,,] 645780 --- [reactor-http-nio-3] o.m.g.filter.TokenCheckFilter            : token = eyJ0eXAiOiJKV1QiLCJhbGciOiJIUzUxMiJ9.eyJzdWIiOiJhZG1pbiIsImV4cCI6MTY4ODY0MjU0MiwiaWF0IjoxNjg4NjQyNTMyfQ.EB2r9nvtrVYnZOmDQ3t1xR3eDGjemAR7T4aut4u0jTEsUQHMuYjMD5W-CuPjFIsg6JvrdwyWVDzniEGCl8pM5w
2023-07-06T20:23:09.277+09:00  INFO [gateway-server,,] 645780 --- [reactor-http-nio-3] o.m.g.filter.TokenCheckFilter            : user authentication check result = true
2023-07-06T20:23:09.279+09:00  INFO [gateway-server,,] 645780 --- [reactor-http-nio-3] o.m.gatewayserver.filter.LoggingFilter   : request.id: c47060b9-5, method: POST , url: http://localhost:8070/v1/item/add/C
2023-07-06T20:23:09.280+09:00  INFO [gateway-server,,] 645780 --- [boundedElastic-1] o.m.gatewayserver.filter.LoggingFilter   : request.id: c47060b9-5, request body :{
    "id" : "1",
    "name" : "item1",
    "description" : "item description1",
    "count" : 100
}
2023-07-06T20:23:09.329+09:00  INFO [gateway-server,,] 645780 --- [reactor-http-nio-3] o.m.gatewayserver.filter.LoggingFilter   : request.id: c47060b9-5, method: POST, url: http://localhost:8070/v1/item/add/C, 
response body :{"code":"200","message":"success"}
2023-07-06T20:23:36.490+09:00  INFO [gateway-server,,] 645780 --- [reactor-http-nio-3] o.m.g.filter.TokenCheckFilter            : token = eyJ0eXAiOiJKV1QiLCJhbGciOiJIUzUxMiJ9.eyJzdWIiOiJhZG1pbiIsImV4cCI6MTY4ODY0MjU0MiwiaWF0IjoxNjg4NjQyNTMyfQ.EB2r9nvtrVYnZOmDQ3t1xR3eDGjemAR7T4aut4u0jTEsUQHMuYjMD5W-CuPjFIsg6JvrdwyWVDzniEGCl8pM5w
2023-07-06T20:23:36.493+09:00  INFO [gateway-server,,] 645780 --- [reactor-http-nio-3] o.m.g.filter.TokenCheckFilter            : user authentication check result = true
2023-07-06T20:23:36.494+09:00  INFO [gateway-server,,] 645780 --- [reactor-http-nio-3] o.m.gatewayserver.filter.LoggingFilter   : request.id: c47060b9-6, method: POST , url: http://localhost:8070/v1/item/add/C
2023-07-06T20:23:36.496+09:00  INFO [gateway-server,,] 645780 --- [boundedElastic-1] o.m.gatewayserver.filter.LoggingFilter   : request.id: c47060b9-6, request body :{
    "id" : "1",
    "name" : "item1",
    "description" : "item description1",
    "count" : 100
}
2023-07-06T20:23:36.547+09:00  INFO [gateway-server,,] 645780 --- [reactor-http-nio-3] o.m.gatewayserver.filter.LoggingFilter   : request.id: c47060b9-6, method: POST, url: http://localhost:8070/v1/item/add/C, 
response body :{"code":"200","message":"success"}
2023-07-06T20:23:48.525+09:00  INFO [gateway-server,,] 645780 --- [reactor-http-nio-3] o.m.g.filter.TokenCheckFilter            : token = eyJ0eXAiOiJKV1QiLCJhbGciOiJIUzUxMiJ9.eyJzdWIiOiJhZG1pbiIsImV4cCI6MTY4ODY0MjU0MiwiaWF0IjoxNjg4NjQyNTMyfQ.EB2r9nvtrVYnZOmDQ3t1xR3eDGjemAR7T4aut4u0jTEsUQHMuYjMD5W-CuPjFIsg6JvrdwyWVDzniEGCl8pM5w
2023-07-06T20:23:48.528+09:00  INFO [gateway-server,,] 645780 --- [reactor-http-nio-3] o.m.g.filter.TokenCheckFilter            : user authentication check result = true
2023-07-06T20:23:48.530+09:00  INFO [gateway-server,,] 645780 --- [reactor-http-nio-3] o.m.gatewayserver.filter.LoggingFilter   : request.id: c47060b9-7, method: POST , url: http://localhost:8070/v1/item/add/C
2023-07-06T20:23:48.533+09:00  INFO [gateway-server,,] 645780 --- [boundedElastic-1] o.m.gatewayserver.filter.LoggingFilter   : request.id: c47060b9-7, request body :{
    "id" : "1",
    "name" : "item1",
    "description" : "item description1",
    "count" : 100
}
2023-07-06T20:23:48.602+09:00  INFO [gateway-server,,] 645780 --- [reactor-http-nio-3] o.m.gatewayserver.filter.LoggingFilter   : request.id: c47060b9-7, method: POST, url: http://localhost:8070/v1/item/add/C, 
response body :{"code":"200","message":"success"}
2023-07-06T20:23:49.242+09:00  INFO [gateway-server,,] 645780 --- [reactor-http-nio-3] o.m.g.filter.TokenCheckFilter            : token = eyJ0eXAiOiJKV1QiLCJhbGciOiJIUzUxMiJ9.eyJzdWIiOiJhZG1pbiIsImV4cCI6MTY4ODY0MjU0MiwiaWF0IjoxNjg4NjQyNTMyfQ.EB2r9nvtrVYnZOmDQ3t1xR3eDGjemAR7T4aut4u0jTEsUQHMuYjMD5W-CuPjFIsg6JvrdwyWVDzniEGCl8pM5w
2023-07-06T20:23:49.246+09:00  INFO [gateway-server,,] 645780 --- [reactor-http-nio-3] o.m.g.filter.TokenCheckFilter            : user authentication check result = true
2023-07-06T20:23:49.250+09:00  INFO [gateway-server,,] 645780 --- [reactor-http-nio-3] o.m.gatewayserver.filter.LoggingFilter   : request.id: c47060b9-8, method: POST , url: http://localhost:8070/v1/item/add/C
2023-07-06T20:23:49.254+09:00  INFO [gateway-server,,] 645780 --- [boundedElastic-1] o.m.gatewayserver.filter.LoggingFilter   : request.id: c47060b9-8, request body :{
    "id" : "1",
    "name" : "item1",
    "description" : "item description1",
    "count" : 100
}
2023-07-06T20:23:49.326+09:00  INFO [gateway-server,,] 645780 --- [reactor-http-nio-3] o.m.gatewayserver.filter.LoggingFilter   : request.id: c47060b9-8, method: POST, url: http://localhost:8070/v1/item/add/C, 
response body :{"code":"200","message":"success"}
2023-07-06T20:23:49.914+09:00  INFO [gateway-server,,] 645780 --- [reactor-http-nio-3] o.m.g.filter.TokenCheckFilter            : token = eyJ0eXAiOiJKV1QiLCJhbGciOiJIUzUxMiJ9.eyJzdWIiOiJhZG1pbiIsImV4cCI6MTY4ODY0MjU0MiwiaWF0IjoxNjg4NjQyNTMyfQ.EB2r9nvtrVYnZOmDQ3t1xR3eDGjemAR7T4aut4u0jTEsUQHMuYjMD5W-CuPjFIsg6JvrdwyWVDzniEGCl8pM5w
2023-07-06T20:23:49.916+09:00  INFO [gateway-server,,] 645780 --- [reactor-http-nio-3] o.m.g.filter.TokenCheckFilter            : user authentication check result = true
2023-07-06T20:23:49.918+09:00  INFO [gateway-server,,] 645780 --- [reactor-http-nio-3] o.m.gatewayserver.filter.LoggingFilter   : request.id: c47060b9-9, method: POST , url: http://localhost:8070/v1/item/add/C
2023-07-06T20:23:49.919+09:00  INFO [gateway-server,,] 645780 --- [boundedElastic-1] o.m.gatewayserver.filter.LoggingFilter   : request.id: c47060b9-9, request body :{
    "id" : "1",
    "name" : "item1",
    "description" : "item description1",
    "count" : 100
}
2023-07-06T20:23:49.942+09:00  INFO [gateway-server,,] 645780 --- [reactor-http-nio-3] o.m.gatewayserver.filter.LoggingFilter   : request.id: c47060b9-9, method: POST, url: http://localhost:8070/v1/item/add/C, 
response body :{"code":"200","message":"success"}
2023-07-06T20:23:50.580+09:00  INFO [gateway-server,,] 645780 --- [reactor-http-nio-3] o.m.g.filter.TokenCheckFilter            : token = eyJ0eXAiOiJKV1QiLCJhbGciOiJIUzUxMiJ9.eyJzdWIiOiJhZG1pbiIsImV4cCI6MTY4ODY0MjU0MiwiaWF0IjoxNjg4NjQyNTMyfQ.EB2r9nvtrVYnZOmDQ3t1xR3eDGjemAR7T4aut4u0jTEsUQHMuYjMD5W-CuPjFIsg6JvrdwyWVDzniEGCl8pM5w
2023-07-06T20:23:50.583+09:00  INFO [gateway-server,,] 645780 --- [reactor-http-nio-3] o.m.g.filter.TokenCheckFilter            : user authentication check result = true
2023-07-06T20:23:50.585+09:00  INFO [gateway-server,,] 645780 --- [reactor-http-nio-3] o.m.gatewayserver.filter.LoggingFilter   : request.id: c47060b9-10, method: POST , url: http://localhost:8070/v1/item/add/C
2023-07-06T20:23:50.586+09:00  INFO [gateway-server,,] 645780 --- [boundedElastic-1] o.m.gatewayserver.filter.LoggingFilter   : request.id: c47060b9-10, request body :{
    "id" : "1",
    "name" : "item1",
    "description" : "item description1",
    "count" : 100
}
2023-07-06T20:23:50.590+09:00  INFO [gateway-server,,] 645780 --- [reactor-http-nio-3] o.m.gatewayserver.filter.LoggingFilter   : request.id: c47060b9-10, method: POST, url: http://localhost:8070/v1/item/add/C, 
response body :{"code":"200","message":"success"}
2023-07-06T20:23:51.283+09:00  INFO [gateway-server,,] 645780 --- [reactor-http-nio-3] o.m.g.filter.TokenCheckFilter            : token = eyJ0eXAiOiJKV1QiLCJhbGciOiJIUzUxMiJ9.eyJzdWIiOiJhZG1pbiIsImV4cCI6MTY4ODY0MjU0MiwiaWF0IjoxNjg4NjQyNTMyfQ.EB2r9nvtrVYnZOmDQ3t1xR3eDGjemAR7T4aut4u0jTEsUQHMuYjMD5W-CuPjFIsg6JvrdwyWVDzniEGCl8pM5w
2023-07-06T20:23:51.287+09:00  INFO [gateway-server,,] 645780 --- [reactor-http-nio-3] o.m.g.filter.TokenCheckFilter            : user authentication check result = true
2023-07-06T20:23:51.289+09:00  INFO [gateway-server,,] 645780 --- [reactor-http-nio-3] o.m.gatewayserver.filter.LoggingFilter   : request.id: c47060b9-11, method: POST , url: http://localhost:8070/v1/item/add/C
2023-07-06T20:23:51.290+09:00  INFO [gateway-server,,] 645780 --- [boundedElastic-1] o.m.gatewayserver.filter.LoggingFilter   : request.id: c47060b9-11, request body :{
    "id" : "1",
    "name" : "item1",
    "description" : "item description1",
    "count" : 100
}
2023-07-06T20:23:51.297+09:00  INFO [gateway-server,,] 645780 --- [reactor-http-nio-3] o.m.gatewayserver.filter.LoggingFilter   : request.id: c47060b9-11, method: POST, url: http://localhost:8070/v1/item/add/C, 
response body :{"code":"200","message":"success"}
2023-07-06T20:23:55.621+09:00  INFO [gateway-server,,] 645780 --- [reactor-http-nio-3] o.m.g.filter.TokenCheckFilter            : token = eyJ0eXAiOiJKV1QiLCJhbGciOiJIUzUxMiJ9.eyJzdWIiOiJhZG1pbiIsImV4cCI6MTY4ODY0MjU0MiwiaWF0IjoxNjg4NjQyNTMyfQ.EB2r9nvtrVYnZOmDQ3t1xR3eDGjemAR7T4aut4u0jTEsUQHMuYjMD5W-CuPjFIsg6JvrdwyWVDzniEGCl8pM5w
2023-07-06T20:23:55.647+09:00  INFO [gateway-server,,] 645780 --- [reactor-http-nio-3] o.m.g.filter.TokenCheckFilter            : user authentication check result = true
2023-07-06T20:23:55.649+09:00  INFO [gateway-server,,] 645780 --- [reactor-http-nio-3] o.m.gatewayserver.filter.LoggingFilter   : request.id: c47060b9-12, method: POST , url: http://localhost:8070/v1/item/add/C
2023-07-06T20:23:55.657+09:00  INFO [gateway-server,,] 645780 --- [boundedElastic-1] o.m.gatewayserver.filter.LoggingFilter   : request.id: c47060b9-12, request body :{
    "id" : "1",
    "name" : "item1",
    "description" : "item description1",
    "count" : 100
}
2023-07-06T20:23:55.661+09:00  INFO [gateway-server,,] 645780 --- [reactor-http-nio-3] o.m.gatewayserver.filter.LoggingFilter   : request.id: c47060b9-12, method: POST, url: http://localhost:8070/v1/item/add/C, 
response body :{"code":"200","message":"success"}
2023-07-06T20:24:53.889+09:00  INFO [gateway-server,,] 645780 --- [reactor-http-nio-3] o.m.g.filter.TokenCheckFilter            : token = eyJ0eXAiOiJKV1QiLCJhbGciOiJIUzUxMiJ9.eyJzdWIiOiJhZG1pbiIsImV4cCI6MTY4ODY0MjU0MiwiaWF0IjoxNjg4NjQyNTMyfQ.EB2r9nvtrVYnZOmDQ3t1xR3eDGjemAR7T4aut4u0jTEsUQHMuYjMD5W-CuPjFIsg6JvrdwyWVDzniEGCl8pM5w
2023-07-06T20:24:53.893+09:00  INFO [gateway-server,,] 645780 --- [reactor-http-nio-3] o.m.g.filter.TokenCheckFilter            : user authentication check result = true
2023-07-06T20:24:53.896+09:00  INFO [gateway-server,,] 645780 --- [reactor-http-nio-3] o.m.gatewayserver.filter.LoggingFilter   : request.id: c47060b9-13, method: POST , url: http://localhost:8070/v1/item/add/C
2023-07-06T20:24:53.897+09:00  INFO [gateway-server,,] 645780 --- [boundedElastic-1] o.m.gatewayserver.filter.LoggingFilter   : request.id: c47060b9-13, request body :{
    "id" : "1",
    "name" : "item1",
    "description" : "item description1",
    "count" : 100
}
2023-07-06T20:24:54.333+09:00  INFO [gateway-server,,] 645780 --- [reactor-http-nio-3] o.m.gatewayserver.filter.LoggingFilter   : request.id: c47060b9-13, method: POST, url: http://localhost:8070/v1/item/add/C, 
response body :{"code":"200","message":"success"}
2023-07-06T20:24:54.992+09:00  INFO [gateway-server,,] 645780 --- [reactor-http-nio-3] o.m.g.filter.TokenCheckFilter            : token = eyJ0eXAiOiJKV1QiLCJhbGciOiJIUzUxMiJ9.eyJzdWIiOiJhZG1pbiIsImV4cCI6MTY4ODY0MjU0MiwiaWF0IjoxNjg4NjQyNTMyfQ.EB2r9nvtrVYnZOmDQ3t1xR3eDGjemAR7T4aut4u0jTEsUQHMuYjMD5W-CuPjFIsg6JvrdwyWVDzniEGCl8pM5w
2023-07-06T20:24:54.994+09:00  INFO [gateway-server,,] 645780 --- [reactor-http-nio-3] o.m.g.filter.TokenCheckFilter            : user authentication check result = true
2023-07-06T20:24:54.995+09:00  INFO [gateway-server,,] 645780 --- [reactor-http-nio-3] o.m.gatewayserver.filter.LoggingFilter   : request.id: c47060b9-14, method: POST , url: http://localhost:8070/v1/item/add/C
2023-07-06T20:24:54.996+09:00  INFO [gateway-server,,] 645780 --- [boundedElastic-1] o.m.gatewayserver.filter.LoggingFilter   : request.id: c47060b9-14, request body :{
    "id" : "1",
    "name" : "item1",
    "description" : "item description1",
    "count" : 100
}
2023-07-06T20:24:55.163+09:00  INFO [gateway-server,,] 645780 --- [reactor-http-nio-3] o.m.gatewayserver.filter.LoggingFilter   : request.id: c47060b9-14, method: POST, url: http://localhost:8070/v1/item/add/C, 
response body :{"code":"200","message":"success"}
2023-07-06T20:24:55.902+09:00  INFO [gateway-server,,] 645780 --- [reactor-http-nio-3] o.m.g.filter.TokenCheckFilter            : token = eyJ0eXAiOiJKV1QiLCJhbGciOiJIUzUxMiJ9.eyJzdWIiOiJhZG1pbiIsImV4cCI6MTY4ODY0MjU0MiwiaWF0IjoxNjg4NjQyNTMyfQ.EB2r9nvtrVYnZOmDQ3t1xR3eDGjemAR7T4aut4u0jTEsUQHMuYjMD5W-CuPjFIsg6JvrdwyWVDzniEGCl8pM5w
2023-07-06T20:24:55.909+09:00  INFO [gateway-server,,] 645780 --- [reactor-http-nio-3] o.m.g.filter.TokenCheckFilter            : user authentication check result = true
2023-07-06T20:24:55.911+09:00  INFO [gateway-server,,] 645780 --- [reactor-http-nio-3] o.m.gatewayserver.filter.LoggingFilter   : request.id: c47060b9-15, method: POST , url: http://localhost:8070/v1/item/add/C
2023-07-06T20:24:55.913+09:00  INFO [gateway-server,,] 645780 --- [boundedElastic-1] o.m.gatewayserver.filter.LoggingFilter   : request.id: c47060b9-15, request body :{
    "id" : "1",
    "name" : "item1",
    "description" : "item description1",
    "count" : 100
}
2023-07-06T20:24:55.979+09:00  INFO [gateway-server,,] 645780 --- [reactor-http-nio-3] o.m.gatewayserver.filter.LoggingFilter   : request.id: c47060b9-15, method: POST, url: http://localhost:8070/v1/item/add/C, 
response body :{"code":"200","message":"success"}
2023-07-06T20:24:56.724+09:00  INFO [gateway-server,,] 645780 --- [reactor-http-nio-3] o.m.g.filter.TokenCheckFilter            : token = eyJ0eXAiOiJKV1QiLCJhbGciOiJIUzUxMiJ9.eyJzdWIiOiJhZG1pbiIsImV4cCI6MTY4ODY0MjU0MiwiaWF0IjoxNjg4NjQyNTMyfQ.EB2r9nvtrVYnZOmDQ3t1xR3eDGjemAR7T4aut4u0jTEsUQHMuYjMD5W-CuPjFIsg6JvrdwyWVDzniEGCl8pM5w
2023-07-06T20:24:56.727+09:00  INFO [gateway-server,,] 645780 --- [reactor-http-nio-3] o.m.g.filter.TokenCheckFilter            : user authentication check result = true
2023-07-06T20:24:56.728+09:00  INFO [gateway-server,,] 645780 --- [reactor-http-nio-3] o.m.gatewayserver.filter.LoggingFilter   : request.id: c47060b9-16, method: POST , url: http://localhost:8070/v1/item/add/C
2023-07-06T20:24:56.729+09:00  INFO [gateway-server,,] 645780 --- [boundedElastic-1] o.m.gatewayserver.filter.LoggingFilter   : request.id: c47060b9-16, request body :{
    "id" : "1",
    "name" : "item1",
    "description" : "item description1",
    "count" : 100
}
2023-07-06T20:24:56.918+09:00  INFO [gateway-server,,] 645780 --- [reactor-http-nio-3] o.m.gatewayserver.filter.LoggingFilter   : request.id: c47060b9-16, method: POST, url: http://localhost:8070/v1/item/add/C, 
response body :{"code":"200","message":"success"}
2023-07-06T20:24:57.605+09:00  INFO [gateway-server,,] 645780 --- [reactor-http-nio-3] o.m.g.filter.TokenCheckFilter            : token = eyJ0eXAiOiJKV1QiLCJhbGciOiJIUzUxMiJ9.eyJzdWIiOiJhZG1pbiIsImV4cCI6MTY4ODY0MjU0MiwiaWF0IjoxNjg4NjQyNTMyfQ.EB2r9nvtrVYnZOmDQ3t1xR3eDGjemAR7T4aut4u0jTEsUQHMuYjMD5W-CuPjFIsg6JvrdwyWVDzniEGCl8pM5w
2023-07-06T20:24:57.607+09:00  INFO [gateway-server,,] 645780 --- [reactor-http-nio-3] o.m.g.filter.TokenCheckFilter            : user authentication check result = true
2023-07-06T20:24:57.608+09:00  INFO [gateway-server,,] 645780 --- [reactor-http-nio-3] o.m.gatewayserver.filter.LoggingFilter   : request.id: c47060b9-17, method: POST , url: http://localhost:8070/v1/item/add/C
2023-07-06T20:24:57.609+09:00  INFO [gateway-server,,] 645780 --- [boundedElastic-1] o.m.gatewayserver.filter.LoggingFilter   : request.id: c47060b9-17, request body :{
    "id" : "1",
    "name" : "item1",
    "description" : "item description1",
    "count" : 100
}
2023-07-06T20:24:57.745+09:00  INFO [gateway-server,,] 645780 --- [reactor-http-nio-3] o.m.gatewayserver.filter.LoggingFilter   : request.id: c47060b9-17, method: POST, url: http://localhost:8070/v1/item/add/C, 
response body :{"code":"200","message":"success"}
2023-07-06T20:25:40.748+09:00  INFO [gateway-server,,] 645780 --- [reactor-http-nio-3] o.m.g.filter.TokenCheckFilter            : token = eyJ0eXAiOiJKV1QiLCJhbGciOiJIUzUxMiJ9.eyJzdWIiOiJhZG1pbiIsImV4cCI6MTY4ODY0MjU0MiwiaWF0IjoxNjg4NjQyNTMyfQ.EB2r9nvtrVYnZOmDQ3t1xR3eDGjemAR7T4aut4u0jTEsUQHMuYjMD5W-CuPjFIsg6JvrdwyWVDzniEGCl8pM5w
2023-07-06T20:25:40.762+09:00  INFO [gateway-server,,] 645780 --- [reactor-http-nio-3] o.m.g.filter.TokenCheckFilter            : user authentication check result = true
2023-07-06T20:25:40.765+09:00  INFO [gateway-server,,] 645780 --- [reactor-http-nio-3] o.m.gatewayserver.filter.LoggingFilter   : request.id: c47060b9-18, method: POST , url: http://localhost:8070/v1/item/add/C
2023-07-06T20:25:40.766+09:00  INFO [gateway-server,,] 645780 --- [boundedElastic-1] o.m.gatewayserver.filter.LoggingFilter   : request.id: c47060b9-18, request body :{
    "id" : "1",
    "name" : "item1",
    "description" : "item description1",
    "count" : 100
}
2023-07-06T20:25:40.820+09:00  INFO [gateway-server,,] 645780 --- [reactor-http-nio-3] o.m.gatewayserver.filter.LoggingFilter   : request.id: c47060b9-18, method: POST, url: http://localhost:8070/v1/item/add/C, 
response body :{"code":"200","message":"success"}
2023-07-06T20:26:32.178+09:00  INFO [gateway-server,,] 645780 --- [AsyncResolver-bootstrap-executor-0] c.n.d.s.r.aws.ConfigClusterResolver      : Resolving eureka endpoints via configuration
2023-07-06T20:26:49.514+09:00  INFO [gateway-server,,] 645780 --- [RMI TCP Connection(12)-127.0.0.1] inMXBeanRegistrar$SpringApplicationAdmin : Application shutdown requested.
2023-07-06T20:26:49.514+09:00  INFO [gateway-server,,] 645780 --- [RMI TCP Connection(11)-127.0.0.1] inMXBeanRegistrar$SpringApplicationAdmin : Application shutdown requested.
2023-07-06T20:26:49.515+09:00  INFO [gateway-server,,] 645780 --- [RMI TCP Connection(12)-127.0.0.1] o.s.c.n.e.s.EurekaServiceRegistry        : Unregistering application GATEWAY-SERVER with eureka with status DOWN
2023-07-06T20:26:49.515+09:00  INFO [gateway-server,,] 645780 --- [RMI TCP Connection(12)-127.0.0.1] com.netflix.discovery.DiscoveryClient    : Saw local status change event StatusChangeEvent [timestamp=1688642809515, current=DOWN, previous=UP]
2023-07-06T20:26:49.516+09:00  INFO [gateway-server,,] 645780 --- [DiscoveryClient-InstanceInfoReplicator-0] com.netflix.discovery.DiscoveryClient    : DiscoveryClient_GATEWAY-SERVER/DESKTOP-4VPH1H9:gateway-server:8070: registering service...
2023-07-06T20:26:49.520+09:00  INFO [gateway-server,,] 645780 --- [RMI TCP Connection(14)-127.0.0.1] inMXBeanRegistrar$SpringApplicationAdmin : Application shutdown requested.
2023-07-06T20:26:49.525+09:00  INFO [gateway-server,,] 645780 --- [DiscoveryClient-InstanceInfoReplicator-0] com.netflix.discovery.DiscoveryClient    : DiscoveryClient_GATEWAY-SERVER/DESKTOP-4VPH1H9:gateway-server:8070 - registration status: 204
