2023-07-06T20:21:33.536+09:00  INFO [item-service,,] 646432 --- [restartedMain] org.msa.item.ItemServiceApplication      : The following 1 profile is active: "local"
2023-07-06T20:21:35.664+09:00  INFO [item-service,,] 646432 --- [restartedMain] .s.d.r.c.RepositoryConfigurationDelegate : Bootstrapping Spring Data JPA repositories in DEFAULT mode.
2023-07-06T20:21:35.953+09:00  INFO [item-service,,] 646432 --- [restartedMain] .s.d.r.c.RepositoryConfigurationDelegate : Finished Spring Data repository scanning in 278 ms. Found 1 JPA repository interfaces.
2023-07-06T20:21:36.479+09:00  INFO [item-service,,] 646432 --- [restartedMain] o.s.cloud.context.scope.GenericScope     : BeanFactory id=c4bdb6a3-39a9-3297-9237-1e49901ecc73
2023-07-06T20:21:36.608+09:00  INFO [item-service,,] 646432 --- [restartedMain] trationDelegate$BeanPostProcessorChecker : Bean 'org.msa.item.feign.HistoryFeignClient' of type [org.springframework.cloud.openfeign.FeignClientFactoryBean] is not eligible for getting processed by all BeanPostProcessors (for example: not eligible for auto-proxying)
2023-07-06T20:21:37.701+09:00  INFO [item-service,,] 646432 --- [restartedMain] o.s.b.w.embedded.tomcat.TomcatWebServer  : Tomcat initialized with port(s): 0 (http)
2023-07-06T20:21:37.716+09:00  INFO [item-service,,] 646432 --- [restartedMain] o.apache.catalina.core.StandardService   : Starting service [Tomcat]
2023-07-06T20:21:37.717+09:00  INFO [item-service,,] 646432 --- [restartedMain] o.apache.catalina.core.StandardEngine    : Starting Servlet engine: [Apache Tomcat/10.1.5]
2023-07-06T20:21:37.841+09:00  INFO [item-service,,] 646432 --- [restartedMain] o.a.c.c.C.[Tomcat].[localhost].[/]       : Initializing Spring embedded WebApplicationContext
2023-07-06T20:21:37.842+09:00  INFO [item-service,,] 646432 --- [restartedMain] w.s.c.ServletWebServerApplicationContext : Root WebApplicationContext: initialization completed in 4288 ms
2023-07-06T20:21:38.718+09:00  INFO [item-service,,] 646432 --- [restartedMain] o.hibernate.jpa.internal.util.LogHelper  : HHH000204: Processing PersistenceUnitInfo [name: default]
2023-07-06T20:21:38.808+09:00  INFO [item-service,,] 646432 --- [restartedMain] org.hibernate.Version                    : HHH000412: Hibernate ORM core version 6.1.6.Final
2023-07-06T20:21:39.102+09:00  WARN [item-service,,] 646432 --- [restartedMain] org.hibernate.orm.deprecation            : HHH90000021: Encountered deprecated setting [javax.persistence.sharedCache.mode], use [jakarta.persistence.sharedCache.mode] instead
2023-07-06T20:21:39.383+09:00  INFO [item-service,,] 646432 --- [restartedMain] com.zaxxer.hikari.HikariDataSource       : HikariPool-1 - Starting...
2023-07-06T20:21:39.464+09:00  INFO [item-service,,] 646432 --- [restartedMain] com.zaxxer.hikari.pool.HikariPool        : HikariPool-1 - Added connection org.mariadb.jdbc.Connection@3cf243d6
2023-07-06T20:21:39.466+09:00  INFO [item-service,,] 646432 --- [restartedMain] com.zaxxer.hikari.HikariDataSource       : HikariPool-1 - Start completed.
2023-07-06T20:21:39.490+09:00  INFO [item-service,,] 646432 --- [restartedMain] SQL dialect                              : HHH000400: Using dialect: org.hibernate.dialect.MariaDB103Dialect
2023-07-06T20:21:39.490+09:00  WARN [item-service,,] 646432 --- [restartedMain] org.hibernate.orm.deprecation            : HHH90000026: MariaDB103Dialect has been deprecated; use org.hibernate.dialect.MariaDBDialect instead
2023-07-06T20:21:41.053+09:00  INFO [item-service,,] 646432 --- [restartedMain] o.h.e.t.j.p.i.JtaPlatformInitiator       : HHH000490: Using JtaPlatform implementation: [org.hibernate.engine.transaction.jta.platform.internal.NoJtaPlatform]
2023-07-06T20:21:41.193+09:00  INFO [item-service,,] 646432 --- [restartedMain] j.LocalContainerEntityManagerFactoryBean : Initialized JPA EntityManagerFactory for persistence unit 'default'
2023-07-06T20:21:42.027+09:00  WARN [item-service,,] 646432 --- [restartedMain] JpaBaseConfiguration$JpaWebConfiguration : spring.jpa.open-in-view is enabled by default. Therefore, database queries may be performed during view rendering. Explicitly configure spring.jpa.open-in-view to disable this warning
2023-07-06T20:21:42.182+09:00  WARN [item-service,,] 646432 --- [restartedMain] o.s.b.d.a.OptionalLiveReloadServer       : Unable to start LiveReload server
2023-07-06T20:21:42.219+09:00  INFO [item-service,,] 646432 --- [restartedMain] o.s.c.openfeign.FeignClientFactoryBean   : For 'history-service' URL not provided. Will try picking an instance via load-balancing.
2023-07-06T20:21:46.241+09:00  INFO [item-service,,] 646432 --- [restartedMain] DiscoveryClientOptionalArgsConfiguration : Eureka HTTP Client uses RestTemplate.
2023-07-06T20:21:46.432+09:00  INFO [item-service,,] 646432 --- [restartedMain] o.s.b.a.e.web.EndpointLinksResolver      : Exposing 3 endpoint(s) beneath base path '/actuator'
2023-07-06T20:21:46.563+09:00  INFO [item-service,,] 646432 --- [restartedMain] o.s.b.w.embedded.tomcat.TomcatWebServer  : Tomcat started on port(s): 1360 (http) with context path ''
2023-07-06T20:21:46.564+09:00  INFO [item-service,,] 646432 --- [restartedMain] .s.c.n.e.s.EurekaAutoServiceRegistration : Updating port to 1360
2023-07-06T20:21:46.569+09:00  INFO [item-service,,] 646432 --- [restartedMain] o.s.c.n.eureka.InstanceInfoFactory       : Setting initial instance status as: STARTING
2023-07-06T20:21:46.610+09:00  INFO [item-service,,] 646432 --- [restartedMain] com.netflix.discovery.DiscoveryClient    : Initializing Eureka in region us-east-1
2023-07-06T20:21:46.615+09:00  INFO [item-service,,] 646432 --- [restartedMain] c.n.d.s.r.aws.ConfigClusterResolver      : Resolving eureka endpoints via configuration
2023-07-06T20:21:46.637+09:00  INFO [item-service,,] 646432 --- [restartedMain] com.netflix.discovery.DiscoveryClient    : Disable delta property : false
2023-07-06T20:21:46.638+09:00  INFO [item-service,,] 646432 --- [restartedMain] com.netflix.discovery.DiscoveryClient    : Single vip registry refresh property : null
2023-07-06T20:21:46.638+09:00  INFO [item-service,,] 646432 --- [restartedMain] com.netflix.discovery.DiscoveryClient    : Force full registry fetch : false
2023-07-06T20:21:46.638+09:00  INFO [item-service,,] 646432 --- [restartedMain] com.netflix.discovery.DiscoveryClient    : Application is null : false
2023-07-06T20:21:46.639+09:00  INFO [item-service,,] 646432 --- [restartedMain] com.netflix.discovery.DiscoveryClient    : Registered Applications size is zero : true
2023-07-06T20:21:46.639+09:00  INFO [item-service,,] 646432 --- [restartedMain] com.netflix.discovery.DiscoveryClient    : Application version is -1: true
2023-07-06T20:21:46.639+09:00  INFO [item-service,,] 646432 --- [restartedMain] com.netflix.discovery.DiscoveryClient    : Getting all instance registry info from the eureka server
2023-07-06T20:21:46.743+09:00  INFO [item-service,,] 646432 --- [restartedMain] com.netflix.discovery.DiscoveryClient    : The response status is 200
2023-07-06T20:21:46.745+09:00  INFO [item-service,,] 646432 --- [restartedMain] com.netflix.discovery.DiscoveryClient    : Starting heartbeat executor: renew interval is: 30
2023-07-06T20:21:46.747+09:00  INFO [item-service,,] 646432 --- [restartedMain] c.n.discovery.InstanceInfoReplicator     : InstanceInfoReplicator onDemand update allowed rate per min is 4
2023-07-06T20:21:46.751+09:00  INFO [item-service,,] 646432 --- [restartedMain] com.netflix.discovery.DiscoveryClient    : Discovery Client initialized at timestamp 1688642506751 with initial instances count: 0
2023-07-06T20:21:46.765+09:00  INFO [item-service,,] 646432 --- [restartedMain] o.s.c.n.e.s.EurekaServiceRegistry        : Registering application ITEM-SERVICE with eureka with status UP
2023-07-06T20:21:46.766+09:00  INFO [item-service,,] 646432 --- [restartedMain] com.netflix.discovery.DiscoveryClient    : Saw local status change event StatusChangeEvent [timestamp=1688642506766, current=UP, previous=STARTING]
2023-07-06T20:21:46.767+09:00  INFO [item-service,,] 646432 --- [DiscoveryClient-InstanceInfoReplicator-0] com.netflix.discovery.DiscoveryClient    : DiscoveryClient_ITEM-SERVICE/DESKTOP-4VPH1H9:8ad0a26b55667e9939a7550da427e522: registering service...
2023-07-06T20:21:46.818+09:00  INFO [item-service,,] 646432 --- [DiscoveryClient-InstanceInfoReplicator-0] com.netflix.discovery.DiscoveryClient    : DiscoveryClient_ITEM-SERVICE/DESKTOP-4VPH1H9:8ad0a26b55667e9939a7550da427e522 - registration status: 204
2023-07-06T20:21:46.981+09:00  INFO [item-service,,] 646432 --- [restartedMain] org.msa.item.ItemServiceApplication      : Started ItemServiceApplication in 15.618 seconds (process running for 19.408)
2023-07-06T20:22:16.760+09:00  INFO [item-service,,] 646432 --- [DiscoveryClient-CacheRefreshExecutor-0] com.netflix.discovery.DiscoveryClient    : Disable delta property : false
2023-07-06T20:22:16.761+09:00  INFO [item-service,,] 646432 --- [DiscoveryClient-CacheRefreshExecutor-0] com.netflix.discovery.DiscoveryClient    : Single vip registry refresh property : null
2023-07-06T20:22:16.761+09:00  INFO [item-service,,] 646432 --- [DiscoveryClient-CacheRefreshExecutor-0] com.netflix.discovery.DiscoveryClient    : Force full registry fetch : false
2023-07-06T20:22:16.762+09:00  INFO [item-service,,] 646432 --- [DiscoveryClient-CacheRefreshExecutor-0] com.netflix.discovery.DiscoveryClient    : Application is null : false
2023-07-06T20:22:16.762+09:00  INFO [item-service,,] 646432 --- [DiscoveryClient-CacheRefreshExecutor-0] com.netflix.discovery.DiscoveryClient    : Registered Applications size is zero : true
2023-07-06T20:22:16.762+09:00  INFO [item-service,,] 646432 --- [DiscoveryClient-CacheRefreshExecutor-0] com.netflix.discovery.DiscoveryClient    : Application version is -1: false
2023-07-06T20:22:16.762+09:00  INFO [item-service,,] 646432 --- [DiscoveryClient-CacheRefreshExecutor-0] com.netflix.discovery.DiscoveryClient    : Getting all instance registry info from the eureka server
2023-07-06T20:22:16.777+09:00  INFO [item-service,,] 646432 --- [DiscoveryClient-CacheRefreshExecutor-0] com.netflix.discovery.DiscoveryClient    : The response status is 200
2023-07-06T20:22:21.813+09:00  INFO [item-service,,] 646432 --- [http-nio-auto-1-exec-1] o.a.c.c.C.[Tomcat].[localhost].[/]       : Initializing Spring DispatcherServlet 'dispatcherServlet'
2023-07-06T20:22:21.813+09:00  INFO [item-service,,] 646432 --- [http-nio-auto-1-exec-1] o.s.web.servlet.DispatcherServlet        : Initializing Servlet 'dispatcherServlet'
2023-07-06T20:22:21.815+09:00  INFO [item-service,,] 646432 --- [http-nio-auto-1-exec-1] o.s.web.servlet.DispatcherServlet        : Completed initialization in 2 ms
2023-07-06T20:22:21.966+09:00  WARN [item-service,64a6a3ed13d13fbb948a58d0cab53153,4fc93129ffd6354a] 646432 --- [http-nio-auto-1-exec-1] ocalVariableTableParameterNameDiscoverer : Using deprecated '-debug' fallback for parameter name resolution. Compile the affected code with '-parameters' instead or avoid its introspection: org.msa.item.controller.ItemController
2023-07-06T20:22:21.997+09:00  INFO [item-service,64a6a3ed13d13fbb948a58d0cab53153,4fc93129ffd6354a] 646432 --- [http-nio-auto-1-exec-1] org.msa.item.controller.ItemController   : accountId = admin
2023-07-06T20:22:22.485+09:00 ERROR [item-service,64a6a3ed13d13fbb948a58d0cab53153,4fc93129ffd6354a] 646432 --- [http-nio-auto-1-exec-1] org.msa.item.service.ItemService         : fallback check.
2023-07-06T20:22:22.485+09:00 DEBUG [item-service,64a6a3ed13d13fbb948a58d0cab53153,4fc93129ffd6354a] 646432 --- [http-nio-auto-1-exec-1] org.msa.item.controller.ItemController   : request add item id = 1
2023-07-06T20:22:23.536+09:00  WARN [item-service,,] 646432 --- [AsyncReporter{org.springframework.boot.actuate.autoconfigure.tracing.zipkin.ZipkinRestTemplateSender@5dd0c7bb}] z.r.AsyncReporter$BoundedAsyncReporter   : Spans were dropped due to exceptions. All subsequent errors will be logged at FINE level.
2023-07-06T20:22:23.537+09:00  WARN [item-service,,] 646432 --- [AsyncReporter{org.springframework.boot.actuate.autoconfigure.tracing.zipkin.ZipkinRestTemplateSender@5dd0c7bb}] z.r.AsyncReporter$BoundedAsyncReporter   : Dropped 1 spans due to ResourceAccessException(I/O error on POST request for "http://localhost:9411/api/v2/spans": Connect to http://localhost:9411 [localhost/127.0.0.1, localhost/0:0:0:0:0:0:0:1] failed: Connection refused: no further information)

org.springframework.web.client.ResourceAccessException: I/O error on POST request for "http://localhost:9411/api/v2/spans": Connect to http://localhost:9411 [localhost/127.0.0.1, localhost/0:0:0:0:0:0:0:1] failed: Connection refused: no further information
	at org.springframework.web.client.RestTemplate.createResourceAccessException(RestTemplate.java:888) ~[spring-web-6.0.4.jar:6.0.4]
	at org.springframework.web.client.RestTemplate.doExecute(RestTemplate.java:868) ~[spring-web-6.0.4.jar:6.0.4]
	at org.springframework.web.client.RestTemplate.execute(RestTemplate.java:764) ~[spring-web-6.0.4.jar:6.0.4]
	at org.springframework.web.client.RestTemplate.exchange(RestTemplate.java:646) ~[spring-web-6.0.4.jar:6.0.4]
	at org.springframework.boot.actuate.autoconfigure.tracing.zipkin.ZipkinRestTemplateSender$RestTemplateHttpPostCall.doExecute(ZipkinRestTemplateSender.java:68) ~[spring-boot-actuator-autoconfigure-3.0.2.jar:3.0.2]
	at org.springframework.boot.actuate.autoconfigure.tracing.zipkin.ZipkinRestTemplateSender$RestTemplateHttpPostCall.doExecute(ZipkinRestTemplateSender.java:48) ~[spring-boot-actuator-autoconfigure-3.0.2.jar:3.0.2]
	at zipkin2.Call$Base.execute(Call.java:391) ~[zipkin-2.23.2.jar:na]
	at zipkin2.reporter.AsyncReporter$BoundedAsyncReporter.flush(AsyncReporter.java:299) ~[zipkin-reporter-2.16.3.jar:na]
	at zipkin2.reporter.AsyncReporter$Flusher.run(AsyncReporter.java:378) ~[zipkin-reporter-2.16.3.jar:na]
	at java.base/java.lang.Thread.run(Thread.java:833) ~[na:na]
Caused by: org.apache.hc.client5.http.HttpHostConnectException: Connect to http://localhost:9411 [localhost/127.0.0.1, localhost/0:0:0:0:0:0:0:1] failed: Connection refused: no further information
	at java.base/sun.nio.ch.Net.pollConnect(Native Method) ~[na:na]
	at java.base/sun.nio.ch.Net.pollConnectNow(Net.java:672) ~[na:na]
	at java.base/sun.nio.ch.NioSocketImpl.timedFinishConnect(NioSocketImpl.java:542) ~[na:na]
	at java.base/sun.nio.ch.NioSocketImpl.connect(NioSocketImpl.java:597) ~[na:na]
	at java.base/java.net.SocksSocketImpl.connect(SocksSocketImpl.java:327) ~[na:na]
	at java.base/java.net.Socket.connect(Socket.java:633) ~[na:na]
	at org.apache.hc.client5.http.socket.PlainConnectionSocketFactory$1.run(PlainConnectionSocketFactory.java:87) ~[httpclient5-5.1.4.jar:5.1.4]
	at java.base/java.security.AccessController.doPrivileged(AccessController.java:569) ~[na:na]
	at org.apache.hc.client5.http.socket.PlainConnectionSocketFactory.connectSocket(PlainConnectionSocketFactory.java:84) ~[httpclient5-5.1.4.jar:5.1.4]
	at org.apache.hc.client5.http.impl.io.DefaultHttpClientConnectionOperator.connect(DefaultHttpClientConnectionOperator.java:148) ~[httpclient5-5.1.4.jar:5.1.4]
	at org.apache.hc.client5.http.impl.io.PoolingHttpClientConnectionManager.connect(PoolingHttpClientConnectionManager.java:396) ~[httpclient5-5.1.4.jar:5.1.4]
	at org.apache.hc.client5.http.impl.classic.InternalExecRuntime.connectEndpoint(InternalExecRuntime.java:158) ~[httpclient5-5.1.4.jar:5.1.4]
	at org.apache.hc.client5.http.impl.classic.InternalExecRuntime.connectEndpoint(InternalExecRuntime.java:168) ~[httpclient5-5.1.4.jar:5.1.4]
	at org.apache.hc.client5.http.impl.classic.ConnectExec.execute(ConnectExec.java:136) ~[httpclient5-5.1.4.jar:5.1.4]
	at org.apache.hc.client5.http.impl.classic.ExecChainElement.execute(ExecChainElement.java:51) ~[httpclient5-5.1.4.jar:5.1.4]
	at org.apache.hc.client5.http.impl.classic.ExecChainElement$1.proceed(ExecChainElement.java:57) ~[httpclient5-5.1.4.jar:5.1.4]
	at org.apache.hc.client5.http.impl.classic.ProtocolExec.execute(ProtocolExec.java:190) ~[httpclient5-5.1.4.jar:5.1.4]
	at org.apache.hc.client5.http.impl.classic.ExecChainElement.execute(ExecChainElement.java:51) ~[httpclient5-5.1.4.jar:5.1.4]
	at org.apache.hc.client5.http.impl.classic.ExecChainElement$1.proceed(ExecChainElement.java:57) ~[httpclient5-5.1.4.jar:5.1.4]
	at org.apache.hc.client5.http.impl.classic.HttpRequestRetryExec.execute(HttpRequestRetryExec.java:96) ~[httpclient5-5.1.4.jar:5.1.4]
	at org.apache.hc.client5.http.impl.classic.ExecChainElement.execute(ExecChainElement.java:51) ~[httpclient5-5.1.4.jar:5.1.4]
	at org.apache.hc.client5.http.impl.classic.ExecChainElement$1.proceed(ExecChainElement.java:57) ~[httpclient5-5.1.4.jar:5.1.4]
	at org.apache.hc.client5.http.impl.classic.ContentCompressionExec.execute(ContentCompressionExec.java:133) ~[httpclient5-5.1.4.jar:5.1.4]
	at org.apache.hc.client5.http.impl.classic.ExecChainElement.execute(ExecChainElement.java:51) ~[httpclient5-5.1.4.jar:5.1.4]
	at org.apache.hc.client5.http.impl.classic.ExecChainElement$1.proceed(ExecChainElement.java:57) ~[httpclient5-5.1.4.jar:5.1.4]
	at org.apache.hc.client5.http.impl.classic.RedirectExec.execute(RedirectExec.java:115) ~[httpclient5-5.1.4.jar:5.1.4]
	at org.apache.hc.client5.http.impl.classic.ExecChainElement.execute(ExecChainElement.java:51) ~[httpclient5-5.1.4.jar:5.1.4]
	at org.apache.hc.client5.http.impl.classic.InternalHttpClient.doExecute(InternalHttpClient.java:170) ~[httpclient5-5.1.4.jar:5.1.4]
	at org.apache.hc.client5.http.impl.classic.CloseableHttpClient.execute(CloseableHttpClient.java:75) ~[httpclient5-5.1.4.jar:5.1.4]
	at org.apache.hc.client5.http.impl.classic.CloseableHttpClient.execute(CloseableHttpClient.java:54) ~[httpclient5-5.1.4.jar:5.1.4]
	at org.springframework.http.client.HttpComponentsClientHttpRequest.executeInternal(HttpComponentsClientHttpRequest.java:93) ~[spring-web-6.0.4.jar:6.0.4]
	at org.springframework.http.client.AbstractBufferingClientHttpRequest.executeInternal(AbstractBufferingClientHttpRequest.java:48) ~[spring-web-6.0.4.jar:6.0.4]
	at org.springframework.http.client.AbstractClientHttpRequest.execute(AbstractClientHttpRequest.java:66) ~[spring-web-6.0.4.jar:6.0.4]
	at org.springframework.web.client.RestTemplate.doExecute(RestTemplate.java:862) ~[spring-web-6.0.4.jar:6.0.4]
	... 8 common frames omitted

2023-07-06T20:23:06.070+09:00  INFO [item-service,64a6a41aaf3fde15362231c2cdaedd26,26873790999dd8aa] 646432 --- [http-nio-auto-1-exec-2] org.msa.item.controller.ItemController   : accountId = admin
2023-07-06T20:23:06.122+09:00 ERROR [item-service,64a6a41aaf3fde15362231c2cdaedd26,26873790999dd8aa] 646432 --- [http-nio-auto-1-exec-2] org.msa.item.service.ItemService         : fallback check.
2023-07-06T20:23:06.122+09:00 DEBUG [item-service,64a6a41aaf3fde15362231c2cdaedd26,26873790999dd8aa] 646432 --- [http-nio-auto-1-exec-2] org.msa.item.controller.ItemController   : request add item id = 1
2023-07-06T20:23:07.143+09:00  INFO [item-service,64a6a41b08a135934a60f79c4439b8a7,fd92c6c05b3df00a] 646432 --- [http-nio-auto-1-exec-3] org.msa.item.controller.ItemController   : accountId = admin
2023-07-06T20:23:07.188+09:00 ERROR [item-service,64a6a41b08a135934a60f79c4439b8a7,fd92c6c05b3df00a] 646432 --- [http-nio-auto-1-exec-3] org.msa.item.service.ItemService         : fallback check.
2023-07-06T20:23:07.188+09:00 DEBUG [item-service,64a6a41b08a135934a60f79c4439b8a7,fd92c6c05b3df00a] 646432 --- [http-nio-auto-1-exec-3] org.msa.item.controller.ItemController   : request add item id = 1
2023-07-06T20:23:08.072+09:00  INFO [item-service,64a6a41c3b462e35d256d8af08087399,9854b6b2c832c39d] 646432 --- [http-nio-auto-1-exec-7] org.msa.item.controller.ItemController   : accountId = admin
2023-07-06T20:23:08.119+09:00 ERROR [item-service,64a6a41c3b462e35d256d8af08087399,9854b6b2c832c39d] 646432 --- [http-nio-auto-1-exec-7] org.msa.item.service.ItemService         : fallback check.
2023-07-06T20:23:08.120+09:00 DEBUG [item-service,64a6a41c3b462e35d256d8af08087399,9854b6b2c832c39d] 646432 --- [http-nio-auto-1-exec-7] org.msa.item.controller.ItemController   : request add item id = 1
2023-07-06T20:23:09.282+09:00  INFO [item-service,64a6a41d3d4873dacb68440a613a6be8,9bf94353208cdb2f] 646432 --- [http-nio-auto-1-exec-6] org.msa.item.controller.ItemController   : accountId = admin
2023-07-06T20:23:09.326+09:00 ERROR [item-service,64a6a41d3d4873dacb68440a613a6be8,9bf94353208cdb2f] 646432 --- [http-nio-auto-1-exec-6] org.msa.item.service.ItemService         : fallback check.
2023-07-06T20:23:09.326+09:00 DEBUG [item-service,64a6a41d3d4873dacb68440a613a6be8,9bf94353208cdb2f] 646432 --- [http-nio-auto-1-exec-6] org.msa.item.controller.ItemController   : request add item id = 1
2023-07-06T20:23:36.499+09:00  INFO [item-service,64a6a4384d165f8b4b14e85b4d929f4a,21ba9734637a9553] 646432 --- [http-nio-auto-1-exec-4] org.msa.item.controller.ItemController   : accountId = admin
2023-07-06T20:23:36.545+09:00 ERROR [item-service,64a6a4384d165f8b4b14e85b4d929f4a,21ba9734637a9553] 646432 --- [http-nio-auto-1-exec-4] org.msa.item.service.ItemService         : fallback check.
2023-07-06T20:23:36.545+09:00 DEBUG [item-service,64a6a4384d165f8b4b14e85b4d929f4a,21ba9734637a9553] 646432 --- [http-nio-auto-1-exec-4] org.msa.item.controller.ItemController   : request add item id = 1
2023-07-06T20:23:48.538+09:00  INFO [item-service,64a6a44432a1a4881dca49d82116b4d6,4097cd00b6d2435e] 646432 --- [http-nio-auto-1-exec-5] org.msa.item.controller.ItemController   : accountId = admin
2023-07-06T20:23:48.600+09:00 ERROR [item-service,64a6a44432a1a4881dca49d82116b4d6,4097cd00b6d2435e] 646432 --- [http-nio-auto-1-exec-5] org.msa.item.service.ItemService         : fallback check.
2023-07-06T20:23:48.600+09:00 DEBUG [item-service,64a6a44432a1a4881dca49d82116b4d6,4097cd00b6d2435e] 646432 --- [http-nio-auto-1-exec-5] org.msa.item.controller.ItemController   : request add item id = 1
2023-07-06T20:23:49.256+09:00  INFO [item-service,64a6a4455df2cffeea2f0f9756f8dca1,9fcb32ffabc8c5aa] 646432 --- [http-nio-auto-1-exec-9] org.msa.item.controller.ItemController   : accountId = admin
2023-07-06T20:23:49.325+09:00 ERROR [item-service,64a6a4455df2cffeea2f0f9756f8dca1,9fcb32ffabc8c5aa] 646432 --- [http-nio-auto-1-exec-9] org.msa.item.service.ItemService         : fallback check.
2023-07-06T20:23:49.325+09:00 DEBUG [item-service,64a6a4455df2cffeea2f0f9756f8dca1,9fcb32ffabc8c5aa] 646432 --- [http-nio-auto-1-exec-9] org.msa.item.controller.ItemController   : request add item id = 1
2023-07-06T20:23:49.920+09:00  INFO [item-service,64a6a4455d0e936ce870e2cd0d8f09ee,beabb433aec137e3] 646432 --- [http-nio-auto-1-exec-8] org.msa.item.controller.ItemController   : accountId = admin
2023-07-06T20:23:49.940+09:00 ERROR [item-service,64a6a4455d0e936ce870e2cd0d8f09ee,beabb433aec137e3] 646432 --- [http-nio-auto-1-exec-8] org.msa.item.service.ItemService         : fallback check.
2023-07-06T20:23:49.941+09:00 DEBUG [item-service,64a6a4455d0e936ce870e2cd0d8f09ee,beabb433aec137e3] 646432 --- [http-nio-auto-1-exec-8] org.msa.item.controller.ItemController   : request add item id = 1
2023-07-06T20:23:50.587+09:00  INFO [item-service,64a6a44650e97f6a6aadde062338d093,29cc2baa0fe23722] 646432 --- [http-nio-auto-1-exec-10] org.msa.item.controller.ItemController   : accountId = admin
2023-07-06T20:23:50.588+09:00 ERROR [item-service,64a6a44650e97f6a6aadde062338d093,29cc2baa0fe23722] 646432 --- [http-nio-auto-1-exec-10] org.msa.item.service.ItemService         : fallback check.
2023-07-06T20:23:50.588+09:00 DEBUG [item-service,64a6a44650e97f6a6aadde062338d093,29cc2baa0fe23722] 646432 --- [http-nio-auto-1-exec-10] org.msa.item.controller.ItemController   : request add item id = 1
2023-07-06T20:23:51.293+09:00  INFO [item-service,64a6a4475d0bd97315c9ff2131402fcd,0393fae9fc4fb627] 646432 --- [http-nio-auto-1-exec-1] org.msa.item.controller.ItemController   : accountId = admin
2023-07-06T20:23:51.294+09:00 ERROR [item-service,64a6a4475d0bd97315c9ff2131402fcd,0393fae9fc4fb627] 646432 --- [http-nio-auto-1-exec-1] org.msa.item.service.ItemService         : fallback check.
2023-07-06T20:23:51.294+09:00 DEBUG [item-service,64a6a4475d0bd97315c9ff2131402fcd,0393fae9fc4fb627] 646432 --- [http-nio-auto-1-exec-1] org.msa.item.controller.ItemController   : request add item id = 1
2023-07-06T20:23:55.658+09:00  INFO [item-service,64a6a44bbe8c35138876e2548b52792b,3732764e92d51884] 646432 --- [http-nio-auto-1-exec-2] org.msa.item.controller.ItemController   : accountId = admin
2023-07-06T20:23:55.659+09:00 ERROR [item-service,64a6a44bbe8c35138876e2548b52792b,3732764e92d51884] 646432 --- [http-nio-auto-1-exec-2] org.msa.item.service.ItemService         : fallback check.
2023-07-06T20:23:55.659+09:00 DEBUG [item-service,64a6a44bbe8c35138876e2548b52792b,3732764e92d51884] 646432 --- [http-nio-auto-1-exec-2] org.msa.item.controller.ItemController   : request add item id = 1
2023-07-06T20:24:53.900+09:00  INFO [item-service,64a6a48560cfb7e56aa7fa4eb240ca21,05952f57c92f77cf] 646432 --- [http-nio-auto-1-exec-3] org.msa.item.controller.ItemController   : accountId = admin
2023-07-06T20:24:54.325+09:00 DEBUG [item-service,64a6a48560cfb7e56aa7fa4eb240ca21,05952f57c92f77cf] 646432 --- [http-nio-auto-1-exec-3] org.msa.item.controller.ItemController   : request add item id = 1
2023-07-06T20:24:54.998+09:00  INFO [item-service,64a6a486c9f8f318ab4cb3571dbf9e5d,17f4dc4dfb5df55c] 646432 --- [http-nio-auto-1-exec-7] org.msa.item.controller.ItemController   : accountId = admin
2023-07-06T20:24:55.161+09:00 DEBUG [item-service,64a6a486c9f8f318ab4cb3571dbf9e5d,17f4dc4dfb5df55c] 646432 --- [http-nio-auto-1-exec-7] org.msa.item.controller.ItemController   : request add item id = 1
2023-07-06T20:24:55.916+09:00  INFO [item-service,64a6a487e325b6cb48cddc477fdafdd1,1189230e31b8621e] 646432 --- [http-nio-auto-1-exec-6] org.msa.item.controller.ItemController   : accountId = admin
2023-07-06T20:24:55.977+09:00 DEBUG [item-service,64a6a487e325b6cb48cddc477fdafdd1,1189230e31b8621e] 646432 --- [http-nio-auto-1-exec-6] org.msa.item.controller.ItemController   : request add item id = 1
2023-07-06T20:24:56.732+09:00  INFO [item-service,64a6a488ea47626e50c8821e0f47904d,b1a5cb95840e942b] 646432 --- [http-nio-auto-1-exec-4] org.msa.item.controller.ItemController   : accountId = admin
2023-07-06T20:24:56.915+09:00 DEBUG [item-service,64a6a488ea47626e50c8821e0f47904d,b1a5cb95840e942b] 646432 --- [http-nio-auto-1-exec-4] org.msa.item.controller.ItemController   : request add item id = 1
2023-07-06T20:24:57.611+09:00  INFO [item-service,64a6a4895ccbcea3c406ca42d2dc053a,cc3e426d963b4942] 646432 --- [http-nio-auto-1-exec-5] org.msa.item.controller.ItemController   : accountId = admin
2023-07-06T20:24:57.743+09:00 DEBUG [item-service,64a6a4895ccbcea3c406ca42d2dc053a,cc3e426d963b4942] 646432 --- [http-nio-auto-1-exec-5] org.msa.item.controller.ItemController   : request add item id = 1
2023-07-06T20:25:40.769+09:00  INFO [item-service,64a6a4b404c52a3bcf7410742ac91b80,ee022dc1be49131e] 646432 --- [http-nio-auto-1-exec-9] org.msa.item.controller.ItemController   : accountId = admin
2023-07-06T20:25:40.818+09:00 ERROR [item-service,64a6a4b404c52a3bcf7410742ac91b80,ee022dc1be49131e] 646432 --- [http-nio-auto-1-exec-9] org.msa.item.service.ItemService         : fallback check.
2023-07-06T20:25:40.818+09:00 DEBUG [item-service,64a6a4b404c52a3bcf7410742ac91b80,ee022dc1be49131e] 646432 --- [http-nio-auto-1-exec-9] org.msa.item.controller.ItemController   : request add item id = 1
2023-07-06T20:26:42.503+09:00  INFO [item-service,,] 646432 --- [RMI TCP Connection(9)-127.0.0.1] inMXBeanRegistrar$SpringApplicationAdmin : Application shutdown requested.
2023-07-06T20:26:42.504+09:00  INFO [item-service,,] 646432 --- [RMI TCP Connection(9)-127.0.0.1] o.s.c.n.e.s.EurekaServiceRegistry        : Unregistering application ITEM-SERVICE with eureka with status DOWN
2023-07-06T20:26:42.504+09:00  INFO [item-service,,] 646432 --- [RMI TCP Connection(9)-127.0.0.1] com.netflix.discovery.DiscoveryClient    : Saw local status change event StatusChangeEvent [timestamp=1688642802504, current=DOWN, previous=UP]
2023-07-06T20:26:42.504+09:00  INFO [item-service,,] 646432 --- [DiscoveryClient-InstanceInfoReplicator-0] com.netflix.discovery.DiscoveryClient    : DiscoveryClient_ITEM-SERVICE/DESKTOP-4VPH1H9:8ad0a26b55667e9939a7550da427e522: registering service...
2023-07-06T20:26:42.511+09:00  INFO [item-service,,] 646432 --- [DiscoveryClient-InstanceInfoReplicator-0] com.netflix.discovery.DiscoveryClient    : DiscoveryClient_ITEM-SERVICE/DESKTOP-4VPH1H9:8ad0a26b55667e9939a7550da427e522 - registration status: 204
2023-07-06T20:26:42.520+09:00  INFO [item-service,,] 646432 --- [RMI TCP Connection(9)-127.0.0.1] o.apache.catalina.core.StandardService   : Stopping service [Tomcat]
2023-07-06T20:26:42.521+09:00  INFO [item-service,,] 646432 --- [RMI TCP Connection(9)-127.0.0.1] o.a.c.c.C.[Tomcat].[localhost].[/]       : Destroying Spring FrameworkServlet 'dispatcherServlet'
2023-07-06T20:26:42.530+09:00  WARN [item-service,,] 646432 --- [RMI TCP Connection(9)-127.0.0.1] o.a.c.loader.WebappClassLoaderBase       : The web application [ROOT] appears to have started a thread named [AsyncReporter{org.springframework.boot.actuate.autoconfigure.tracing.zipkin.ZipkinRestTemplateSender@5dd0c7bb}] but has failed to stop it. This is very likely to create a memory leak. Stack trace of thread:
 java.base@17.0.4.1/jdk.internal.misc.Unsafe.park(Native Method)
 java.base@17.0.4.1/java.util.concurrent.locks.LockSupport.parkNanos(LockSupport.java:252)
 java.base@17.0.4.1/java.util.concurrent.locks.AbstractQueuedSynchronizer$ConditionObject.awaitNanos(AbstractQueuedSynchronizer.java:1672)
 app//zipkin2.reporter.ByteBoundedQueue.drainTo(ByteBoundedQueue.java:81)
 app//zipkin2.reporter.AsyncReporter$BoundedAsyncReporter.flush(AsyncReporter.java:270)
 app//zipkin2.reporter.AsyncReporter$Flusher.run(AsyncReporter.java:378)
 java.base@17.0.4.1/java.lang.Thread.run(Thread.java:833)
2023-07-06T20:26:42.531+09:00  WARN [item-service,,] 646432 --- [RMI TCP Connection(9)-127.0.0.1] o.a.c.loader.WebappClassLoaderBase       : The web application [ROOT] appears to have started a thread named [ActiveMQ InactivityMonitor ReadCheckTimer] but has failed to stop it. This is very likely to create a memory leak. Stack trace of thread:
 java.base@17.0.4.1/java.lang.Object.wait(Native Method)
 java.base@17.0.4.1/java.lang.Object.wait(Object.java:338)
 java.base@17.0.4.1/java.util.TimerThread.mainLoop(Timer.java:537)
 java.base@17.0.4.1/java.util.TimerThread.run(Timer.java:516)
2023-07-06T20:26:42.539+09:00  INFO [item-service,,] 646432 --- [RMI TCP Connection(9)-127.0.0.1] j.LocalContainerEntityManagerFactoryBean : Closing JPA EntityManagerFactory for persistence unit 'default'
2023-07-06T20:26:42.543+09:00  INFO [item-service,,] 646432 --- [RMI TCP Connection(9)-127.0.0.1] com.zaxxer.hikari.HikariDataSource       : HikariPool-1 - Shutdown initiated...
2023-07-06T20:26:42.546+09:00  INFO [item-service,,] 646432 --- [RMI TCP Connection(9)-127.0.0.1] com.zaxxer.hikari.HikariDataSource       : HikariPool-1 - Shutdown completed.
2023-07-06T20:26:42.907+09:00  INFO [item-service,,] 646432 --- [RMI TCP Connection(9)-127.0.0.1] com.netflix.discovery.DiscoveryClient    : Shutting down DiscoveryClient ...
2023-07-06T20:26:45.916+09:00  INFO [item-service,,] 646432 --- [RMI TCP Connection(9)-127.0.0.1] com.netflix.discovery.DiscoveryClient    : Unregistering ...
2023-07-06T20:26:45.922+09:00  INFO [item-service,,] 646432 --- [RMI TCP Connection(9)-127.0.0.1] com.netflix.discovery.DiscoveryClient    : DiscoveryClient_ITEM-SERVICE/DESKTOP-4VPH1H9:8ad0a26b55667e9939a7550da427e522 - deregister  status: 200
2023-07-06T20:26:45.925+09:00  INFO [item-service,,] 646432 --- [RMI TCP Connection(9)-127.0.0.1] com.netflix.discovery.DiscoveryClient    : Completed shut down of DiscoveryClient
